{"C:\\Users\\Wei\\Documents\\CS531\\hw4\\frontend\\src\\App.js": {"path":"C:\\Users\\Wei\\Documents\\CS531\\hw4\\frontend\\src\\App.js","statementMap":{"0":{"start":{"line":6,"column":2},"end":{"line":23,"column":4}}},"fnMap":{"0":{"name":"App","decl":{"start":{"line":5,"column":9},"end":{"line":5,"column":12}},"loc":{"start":{"line":5,"column":15},"end":{"line":24,"column":1}},"line":5}},"branchMap":{},"s":{"0":1},"f":{"0":1},"b":{},"_coverageSchema":"43e27e138ebf9cfc5966b082cf9a028302ed4184","hash":"f8f24c9c454c3ef40397f1f7c4b478a6182761b0"}
,"C:\\Users\\Wei\\Documents\\CS531\\hw4\\frontend\\src\\Landing.js": {"path":"C:\\Users\\Wei\\Documents\\CS531\\hw4\\frontend\\src\\Landing.js","statementMap":{"0":{"start":{"line":8,"column":4},"end":{"line":8,"column":17}},"1":{"start":{"line":9,"column":4},"end":{"line":19,"column":5}},"2":{"start":{"line":20,"column":4},"end":{"line":20,"column":53}},"3":{"start":{"line":24,"column":4},"end":{"line":44,"column":6}},"4":{"start":{"line":24,"column":68},"end":{"line":24,"column":78}},"5":{"start":{"line":25,"column":16},"end":{"line":25,"column":18}},"6":{"start":{"line":26,"column":23},"end":{"line":26,"column":25}},"7":{"start":{"line":27,"column":8},"end":{"line":40,"column":9}},"8":{"start":{"line":27,"column":21},"end":{"line":27,"column":22}},"9":{"start":{"line":28,"column":22},"end":{"line":28,"column":24}},"10":{"start":{"line":29,"column":20},"end":{"line":29,"column":67}},"11":{"start":{"line":30,"column":10},"end":{"line":30,"column":37}},"12":{"start":{"line":31,"column":10},"end":{"line":31,"column":41}},"13":{"start":{"line":32,"column":10},"end":{"line":32,"column":50}},"14":{"start":{"line":33,"column":10},"end":{"line":33,"column":55}},"15":{"start":{"line":34,"column":10},"end":{"line":34,"column":38}},"16":{"start":{"line":35,"column":10},"end":{"line":35,"column":51}},"17":{"start":{"line":36,"column":10},"end":{"line":36,"column":38}},"18":{"start":{"line":37,"column":10},"end":{"line":37,"column":26}},"19":{"start":{"line":38,"column":10},"end":{"line":38,"column":39}},"20":{"start":{"line":39,"column":10},"end":{"line":39,"column":74}},"21":{"start":{"line":42,"column":8},"end":{"line":42,"column":32}},"22":{"start":{"line":43,"column":8},"end":{"line":43,"column":39}},"23":{"start":{"line":47,"column":20},"end":{"line":72,"column":3}},"24":{"start":{"line":48,"column":15},"end":{"line":48,"column":19}},"25":{"start":{"line":49,"column":19},"end":{"line":49,"column":49}},"26":{"start":{"line":50,"column":21},"end":{"line":50,"column":88}},"27":{"start":{"line":51,"column":4},"end":{"line":54,"column":5}},"28":{"start":{"line":52,"column":6},"end":{"line":52,"column":19}},"29":{"start":{"line":53,"column":6},"end":{"line":53,"column":59}},"30":{"start":{"line":55,"column":4},"end":{"line":58,"column":5}},"31":{"start":{"line":56,"column":6},"end":{"line":56,"column":19}},"32":{"start":{"line":57,"column":6},"end":{"line":57,"column":53}},"33":{"start":{"line":59,"column":4},"end":{"line":64,"column":5}},"34":{"start":{"line":60,"column":6},"end":{"line":63,"column":7}},"35":{"start":{"line":61,"column":8},"end":{"line":61,"column":21}},"36":{"start":{"line":62,"column":8},"end":{"line":62,"column":47}},"37":{"start":{"line":65,"column":4},"end":{"line":71,"column":5}},"38":{"start":{"line":66,"column":6},"end":{"line":66,"column":34}},"39":{"start":{"line":67,"column":6},"end":{"line":67,"column":46}},"40":{"start":{"line":68,"column":6},"end":{"line":68,"column":47}},"41":{"start":{"line":69,"column":6},"end":{"line":69,"column":43}},"42":{"start":{"line":70,"column":6},"end":{"line":70,"column":52}},"43":{"start":{"line":74,"column":17},"end":{"line":98,"column":3}},"44":{"start":{"line":75,"column":15},"end":{"line":75,"column":19}},"45":{"start":{"line":76,"column":4},"end":{"line":93,"column":5}},"46":{"start":{"line":77,"column":6},"end":{"line":83,"column":7}},"47":{"start":{"line":78,"column":8},"end":{"line":82,"column":9}},"48":{"start":{"line":79,"column":10},"end":{"line":79,"column":23}},"49":{"start":{"line":80,"column":10},"end":{"line":80,"column":39}},"50":{"start":{"line":81,"column":10},"end":{"line":81,"column":43}},"51":{"start":{"line":86,"column":6},"end":{"line":86,"column":36}},"52":{"start":{"line":87,"column":6},"end":{"line":92,"column":7}},"53":{"start":{"line":88,"column":8},"end":{"line":88,"column":57}},"54":{"start":{"line":91,"column":8},"end":{"line":91,"column":57}},"55":{"start":{"line":94,"column":4},"end":{"line":97,"column":5}},"56":{"start":{"line":95,"column":6},"end":{"line":95,"column":36}},"57":{"start":{"line":96,"column":6},"end":{"line":96,"column":33}},"58":{"start":{"line":101,"column":4},"end":{"line":101,"column":50}},"59":{"start":{"line":102,"column":4},"end":{"line":102,"column":42}},"60":{"start":{"line":105,"column":4},"end":{"line":135,"column":6}},"61":{"start":{"line":111,"column":162},"end":{"line":111,"column":206}},"62":{"start":{"line":112,"column":86},"end":{"line":112,"column":123}},"63":{"start":{"line":113,"column":149},"end":{"line":113,"column":187}},"64":{"start":{"line":114,"column":115},"end":{"line":114,"column":157}},"65":{"start":{"line":115,"column":95},"end":{"line":115,"column":131}},"66":{"start":{"line":117,"column":135},"end":{"line":117,"column":181}},"67":{"start":{"line":126,"column":93},"end":{"line":126,"column":130}},"68":{"start":{"line":127,"column":98},"end":{"line":127,"column":136}},"69":{"start":{"line":139,"column":24},"end":{"line":146,"column":1}},"70":{"start":{"line":140,"column":4},"end":{"line":145,"column":5}},"71":{"start":{"line":148,"column":27},"end":{"line":160,"column":1}},"72":{"start":{"line":149,"column":4},"end":{"line":159,"column":5}},"73":{"start":{"line":150,"column":32},"end":{"line":150,"column":62}},"74":{"start":{"line":151,"column":32},"end":{"line":151,"column":62}},"75":{"start":{"line":152,"column":34},"end":{"line":152,"column":66}},"76":{"start":{"line":153,"column":30},"end":{"line":153,"column":58}},"77":{"start":{"line":154,"column":30},"end":{"line":154,"column":58}},"78":{"start":{"line":155,"column":30},"end":{"line":155,"column":58}},"79":{"start":{"line":156,"column":33},"end":{"line":156,"column":64}},"80":{"start":{"line":157,"column":27},"end":{"line":157,"column":52}},"81":{"start":{"line":158,"column":31},"end":{"line":158,"column":60}}},"fnMap":{"0":{"name":"(anonymous_0)","decl":{"start":{"line":7,"column":2},"end":{"line":7,"column":3}},"loc":{"start":{"line":7,"column":21},"end":{"line":21,"column":3}},"line":7},"1":{"name":"(anonymous_1)","decl":{"start":{"line":23,"column":2},"end":{"line":23,"column":3}},"loc":{"start":{"line":23,"column":22},"end":{"line":45,"column":3}},"line":23},"2":{"name":"(anonymous_2)","decl":{"start":{"line":24,"column":61},"end":{"line":24,"column":62}},"loc":{"start":{"line":24,"column":68},"end":{"line":24,"column":78}},"line":24},"3":{"name":"(anonymous_3)","decl":{"start":{"line":24,"column":85},"end":{"line":24,"column":86}},"loc":{"start":{"line":24,"column":92},"end":{"line":44,"column":5}},"line":24},"4":{"name":"(anonymous_4)","decl":{"start":{"line":47,"column":20},"end":{"line":47,"column":21}},"loc":{"start":{"line":47,"column":27},"end":{"line":72,"column":3}},"line":47},"5":{"name":"(anonymous_5)","decl":{"start":{"line":74,"column":17},"end":{"line":74,"column":18}},"loc":{"start":{"line":74,"column":24},"end":{"line":98,"column":3}},"line":74},"6":{"name":"(anonymous_6)","decl":{"start":{"line":100,"column":2},"end":{"line":100,"column":3}},"loc":{"start":{"line":100,"column":17},"end":{"line":103,"column":3}},"line":100},"7":{"name":"(anonymous_7)","decl":{"start":{"line":104,"column":2},"end":{"line":104,"column":3}},"loc":{"start":{"line":104,"column":11},"end":{"line":136,"column":3}},"line":104},"8":{"name":"(anonymous_8)","decl":{"start":{"line":111,"column":157},"end":{"line":111,"column":158}},"loc":{"start":{"line":111,"column":162},"end":{"line":111,"column":206}},"line":111},"9":{"name":"(anonymous_9)","decl":{"start":{"line":112,"column":81},"end":{"line":112,"column":82}},"loc":{"start":{"line":112,"column":86},"end":{"line":112,"column":123}},"line":112},"10":{"name":"(anonymous_10)","decl":{"start":{"line":113,"column":144},"end":{"line":113,"column":145}},"loc":{"start":{"line":113,"column":149},"end":{"line":113,"column":187}},"line":113},"11":{"name":"(anonymous_11)","decl":{"start":{"line":114,"column":108},"end":{"line":114,"column":109}},"loc":{"start":{"line":114,"column":115},"end":{"line":114,"column":157}},"line":114},"12":{"name":"(anonymous_12)","decl":{"start":{"line":115,"column":90},"end":{"line":115,"column":91}},"loc":{"start":{"line":115,"column":95},"end":{"line":115,"column":131}},"line":115},"13":{"name":"(anonymous_13)","decl":{"start":{"line":117,"column":128},"end":{"line":117,"column":129}},"loc":{"start":{"line":117,"column":135},"end":{"line":117,"column":181}},"line":117},"14":{"name":"(anonymous_14)","decl":{"start":{"line":126,"column":86},"end":{"line":126,"column":87}},"loc":{"start":{"line":126,"column":93},"end":{"line":126,"column":130}},"line":126},"15":{"name":"(anonymous_15)","decl":{"start":{"line":127,"column":91},"end":{"line":127,"column":92}},"loc":{"start":{"line":127,"column":98},"end":{"line":127,"column":136}},"line":127},"16":{"name":"(anonymous_16)","decl":{"start":{"line":139,"column":24},"end":{"line":139,"column":25}},"loc":{"start":{"line":139,"column":35},"end":{"line":146,"column":1}},"line":139},"17":{"name":"(anonymous_17)","decl":{"start":{"line":148,"column":27},"end":{"line":148,"column":28}},"loc":{"start":{"line":148,"column":41},"end":{"line":160,"column":1}},"line":148},"18":{"name":"(anonymous_18)","decl":{"start":{"line":150,"column":18},"end":{"line":150,"column":19}},"loc":{"start":{"line":150,"column":32},"end":{"line":150,"column":62}},"line":150},"19":{"name":"(anonymous_19)","decl":{"start":{"line":151,"column":18},"end":{"line":151,"column":19}},"loc":{"start":{"line":151,"column":32},"end":{"line":151,"column":62}},"line":151},"20":{"name":"(anonymous_20)","decl":{"start":{"line":152,"column":19},"end":{"line":152,"column":20}},"loc":{"start":{"line":152,"column":34},"end":{"line":152,"column":66}},"line":152},"21":{"name":"(anonymous_21)","decl":{"start":{"line":153,"column":17},"end":{"line":153,"column":18}},"loc":{"start":{"line":153,"column":30},"end":{"line":153,"column":58}},"line":153},"22":{"name":"(anonymous_22)","decl":{"start":{"line":154,"column":19},"end":{"line":154,"column":20}},"loc":{"start":{"line":154,"column":30},"end":{"line":154,"column":58}},"line":154},"23":{"name":"(anonymous_23)","decl":{"start":{"line":155,"column":19},"end":{"line":155,"column":20}},"loc":{"start":{"line":155,"column":30},"end":{"line":155,"column":58}},"line":155},"24":{"name":"(anonymous_24)","decl":{"start":{"line":156,"column":18},"end":{"line":156,"column":19}},"loc":{"start":{"line":156,"column":33},"end":{"line":156,"column":64}},"line":156},"25":{"name":"(anonymous_25)","decl":{"start":{"line":157,"column":17},"end":{"line":157,"column":18}},"loc":{"start":{"line":157,"column":27},"end":{"line":157,"column":52}},"line":157},"26":{"name":"(anonymous_26)","decl":{"start":{"line":158,"column":17},"end":{"line":158,"column":18}},"loc":{"start":{"line":158,"column":31},"end":{"line":158,"column":60}},"line":158}},"branchMap":{"0":{"loc":{"start":{"line":51,"column":4},"end":{"line":54,"column":5}},"type":"if","locations":[{"start":{"line":51,"column":4},"end":{"line":54,"column":5}},{"start":{"line":51,"column":4},"end":{"line":54,"column":5}}],"line":51},"1":{"loc":{"start":{"line":55,"column":4},"end":{"line":58,"column":5}},"type":"if","locations":[{"start":{"line":55,"column":4},"end":{"line":58,"column":5}},{"start":{"line":55,"column":4},"end":{"line":58,"column":5}}],"line":55},"2":{"loc":{"start":{"line":60,"column":6},"end":{"line":63,"column":7}},"type":"if","locations":[{"start":{"line":60,"column":6},"end":{"line":63,"column":7}},{"start":{"line":60,"column":6},"end":{"line":63,"column":7}}],"line":60},"3":{"loc":{"start":{"line":65,"column":4},"end":{"line":71,"column":5}},"type":"if","locations":[{"start":{"line":65,"column":4},"end":{"line":71,"column":5}},{"start":{"line":65,"column":4},"end":{"line":71,"column":5}}],"line":65},"4":{"loc":{"start":{"line":76,"column":4},"end":{"line":93,"column":5}},"type":"if","locations":[{"start":{"line":76,"column":4},"end":{"line":93,"column":5}},{"start":{"line":76,"column":4},"end":{"line":93,"column":5}}],"line":76},"5":{"loc":{"start":{"line":76,"column":8},"end":{"line":76,"column":63}},"type":"binary-expr","locations":[{"start":{"line":76,"column":8},"end":{"line":76,"column":34}},{"start":{"line":76,"column":38},"end":{"line":76,"column":63}}],"line":76},"6":{"loc":{"start":{"line":78,"column":8},"end":{"line":82,"column":9}},"type":"if","locations":[{"start":{"line":78,"column":8},"end":{"line":82,"column":9}},{"start":{"line":78,"column":8},"end":{"line":82,"column":9}}],"line":78},"7":{"loc":{"start":{"line":78,"column":12},"end":{"line":78,"column":109}},"type":"binary-expr","locations":[{"start":{"line":78,"column":12},"end":{"line":78,"column":58}},{"start":{"line":78,"column":62},"end":{"line":78,"column":109}}],"line":78},"8":{"loc":{"start":{"line":87,"column":6},"end":{"line":92,"column":7}},"type":"if","locations":[{"start":{"line":87,"column":6},"end":{"line":92,"column":7}},{"start":{"line":87,"column":6},"end":{"line":92,"column":7}}],"line":87},"9":{"loc":{"start":{"line":94,"column":4},"end":{"line":97,"column":5}},"type":"if","locations":[{"start":{"line":94,"column":4},"end":{"line":97,"column":5}},{"start":{"line":94,"column":4},"end":{"line":97,"column":5}}],"line":94},"10":{"loc":{"start":{"line":94,"column":8},"end":{"line":94,"column":71}},"type":"binary-expr","locations":[{"start":{"line":94,"column":8},"end":{"line":94,"column":12}},{"start":{"line":94,"column":16},"end":{"line":94,"column":42}},{"start":{"line":94,"column":46},"end":{"line":94,"column":71}}],"line":94}},"s":{"0":2,"1":2,"2":2,"3":2,"4":0,"5":0,"6":0,"7":0,"8":0,"9":0,"10":0,"11":0,"12":0,"13":0,"14":0,"15":0,"16":0,"17":0,"18":0,"19":0,"20":0,"21":0,"22":0,"23":2,"24":0,"25":0,"26":0,"27":0,"28":0,"29":0,"30":0,"31":0,"32":0,"33":0,"34":0,"35":0,"36":0,"37":0,"38":0,"39":0,"40":0,"41":0,"42":0,"43":2,"44":2,"45":2,"46":2,"47":2,"48":1,"49":1,"50":1,"51":0,"52":0,"53":0,"54":0,"55":2,"56":1,"57":1,"58":0,"59":0,"60":4,"61":0,"62":0,"63":0,"64":0,"65":0,"66":0,"67":0,"68":0,"69":1,"70":2,"71":1,"72":2,"73":0,"74":0,"75":0,"76":0,"77":0,"78":0,"79":0,"80":0,"81":0},"f":{"0":2,"1":2,"2":0,"3":0,"4":0,"5":2,"6":0,"7":4,"8":0,"9":0,"10":0,"11":0,"12":0,"13":0,"14":0,"15":0,"16":2,"17":2,"18":0,"19":0,"20":0,"21":0,"22":0,"23":0,"24":0,"25":0,"26":0},"b":{"0":[0,0],"1":[0,0],"2":[0,0],"3":[0,0],"4":[2,0],"5":[2,2],"6":[1,1],"7":[2,1],"8":[0,0],"9":[1,1],"10":[2,1,1]},"_coverageSchema":"43e27e138ebf9cfc5966b082cf9a028302ed4184","hash":"90f8ff30dd2c493ba3aa732e592a2cff2e204bf5"}
,"C:\\Users\\Wei\\Documents\\CS531\\hw4\\frontend\\src\\Main.js": {"path":"C:\\Users\\Wei\\Documents\\CS531\\hw4\\frontend\\src\\Main.js","statementMap":{"0":{"start":{"line":8,"column":4},"end":{"line":8,"column":17}},"1":{"start":{"line":9,"column":4},"end":{"line":16,"column":5}},"2":{"start":{"line":17,"column":4},"end":{"line":17,"column":51}},"3":{"start":{"line":18,"column":4},"end":{"line":18,"column":41}},"4":{"start":{"line":19,"column":4},"end":{"line":19,"column":43}},"5":{"start":{"line":23,"column":6},"end":{"line":30,"column":7}},"6":{"start":{"line":24,"column":8},"end":{"line":24,"column":69}},"7":{"start":{"line":27,"column":8},"end":{"line":29,"column":9}},"8":{"start":{"line":28,"column":10},"end":{"line":28,"column":73}},"9":{"start":{"line":31,"column":6},"end":{"line":38,"column":7}},"10":{"start":{"line":32,"column":8},"end":{"line":32,"column":71}},"11":{"start":{"line":35,"column":8},"end":{"line":37,"column":9}},"12":{"start":{"line":36,"column":10},"end":{"line":36,"column":75}},"13":{"start":{"line":39,"column":6},"end":{"line":127,"column":9}},"14":{"start":{"line":39,"column":70},"end":{"line":39,"column":80}},"15":{"start":{"line":40,"column":18},"end":{"line":40,"column":20}},"16":{"start":{"line":41,"column":25},"end":{"line":41,"column":27}},"17":{"start":{"line":42,"column":10},"end":{"line":55,"column":11}},"18":{"start":{"line":42,"column":23},"end":{"line":42,"column":24}},"19":{"start":{"line":43,"column":24},"end":{"line":43,"column":26}},"20":{"start":{"line":44,"column":22},"end":{"line":44,"column":69}},"21":{"start":{"line":45,"column":12},"end":{"line":45,"column":39}},"22":{"start":{"line":46,"column":12},"end":{"line":46,"column":43}},"23":{"start":{"line":47,"column":12},"end":{"line":47,"column":52}},"24":{"start":{"line":48,"column":12},"end":{"line":48,"column":57}},"25":{"start":{"line":49,"column":12},"end":{"line":49,"column":40}},"26":{"start":{"line":50,"column":12},"end":{"line":50,"column":53}},"27":{"start":{"line":51,"column":12},"end":{"line":51,"column":40}},"28":{"start":{"line":52,"column":12},"end":{"line":52,"column":28}},"29":{"start":{"line":53,"column":12},"end":{"line":53,"column":41}},"30":{"start":{"line":54,"column":12},"end":{"line":54,"column":76}},"31":{"start":{"line":56,"column":10},"end":{"line":56,"column":34}},"32":{"start":{"line":57,"column":10},"end":{"line":57,"column":41}},"33":{"start":{"line":59,"column":16},"end":{"line":59,"column":18}},"34":{"start":{"line":60,"column":19},"end":{"line":60,"column":38}},"35":{"start":{"line":61,"column":8},"end":{"line":73,"column":9}},"36":{"start":{"line":62,"column":10},"end":{"line":72,"column":11}},"37":{"start":{"line":63,"column":24},"end":{"line":63,"column":37}},"38":{"start":{"line":64,"column":12},"end":{"line":71,"column":13}},"39":{"start":{"line":64,"column":25},"end":{"line":64,"column":26}},"40":{"start":{"line":65,"column":25},"end":{"line":65,"column":27}},"41":{"start":{"line":66,"column":28},"end":{"line":66,"column":83}},"42":{"start":{"line":67,"column":14},"end":{"line":67,"column":64}},"43":{"start":{"line":68,"column":14},"end":{"line":68,"column":64}},"44":{"start":{"line":69,"column":14},"end":{"line":69,"column":33}},"45":{"start":{"line":70,"column":14},"end":{"line":70,"column":32}},"46":{"start":{"line":74,"column":8},"end":{"line":84,"column":9}},"47":{"start":{"line":75,"column":10},"end":{"line":83,"column":11}},"48":{"start":{"line":75,"column":23},"end":{"line":75,"column":24}},"49":{"start":{"line":76,"column":23},"end":{"line":76,"column":25}},"50":{"start":{"line":77,"column":26},"end":{"line":77,"column":103}},"51":{"start":{"line":78,"column":12},"end":{"line":78,"column":45}},"52":{"start":{"line":79,"column":12},"end":{"line":79,"column":45}},"53":{"start":{"line":80,"column":12},"end":{"line":80,"column":31}},"54":{"start":{"line":81,"column":12},"end":{"line":81,"column":45}},"55":{"start":{"line":82,"column":12},"end":{"line":82,"column":30}},"56":{"start":{"line":85,"column":8},"end":{"line":85,"column":36}},"57":{"start":{"line":87,"column":8},"end":{"line":126,"column":10}},"58":{"start":{"line":87,"column":72},"end":{"line":87,"column":82}},"59":{"start":{"line":88,"column":18},"end":{"line":88,"column":20}},"60":{"start":{"line":89,"column":18},"end":{"line":89,"column":20}},"61":{"start":{"line":90,"column":22},"end":{"line":90,"column":27}},"62":{"start":{"line":91,"column":21},"end":{"line":91,"column":25}},"63":{"start":{"line":92,"column":18},"end":{"line":92,"column":34}},"64":{"start":{"line":93,"column":10},"end":{"line":113,"column":11}},"65":{"start":{"line":93,"column":23},"end":{"line":93,"column":24}},"66":{"start":{"line":94,"column":23},"end":{"line":94,"column":25}},"67":{"start":{"line":95,"column":23},"end":{"line":95,"column":52}},"68":{"start":{"line":96,"column":23},"end":{"line":96,"column":51}},"69":{"start":{"line":97,"column":12},"end":{"line":97,"column":60}},"70":{"start":{"line":98,"column":12},"end":{"line":98,"column":28}},"71":{"start":{"line":99,"column":12},"end":{"line":99,"column":38}},"72":{"start":{"line":100,"column":12},"end":{"line":106,"column":13}},"73":{"start":{"line":101,"column":29},"end":{"line":101,"column":72}},"74":{"start":{"line":102,"column":14},"end":{"line":102,"column":34}},"75":{"start":{"line":105,"column":14},"end":{"line":105,"column":28}},"76":{"start":{"line":107,"column":12},"end":{"line":107,"column":28}},"77":{"start":{"line":108,"column":12},"end":{"line":108,"column":60}},"78":{"start":{"line":109,"column":12},"end":{"line":109,"column":94}},"79":{"start":{"line":110,"column":12},"end":{"line":110,"column":26}},"80":{"start":{"line":111,"column":12},"end":{"line":111,"column":30}},"81":{"start":{"line":112,"column":12},"end":{"line":112,"column":30}},"82":{"start":{"line":114,"column":10},"end":{"line":114,"column":41}},"83":{"start":{"line":115,"column":10},"end":{"line":115,"column":37}},"84":{"start":{"line":116,"column":10},"end":{"line":123,"column":11}},"85":{"start":{"line":117,"column":12},"end":{"line":122,"column":13}},"86":{"start":{"line":118,"column":14},"end":{"line":118,"column":105}},"87":{"start":{"line":121,"column":14},"end":{"line":121,"column":81}},"88":{"start":{"line":124,"column":10},"end":{"line":124,"column":86}},"89":{"start":{"line":131,"column":4},"end":{"line":131,"column":77}},"90":{"start":{"line":132,"column":4},"end":{"line":132,"column":80}},"91":{"start":{"line":136,"column":4},"end":{"line":136,"column":34}},"92":{"start":{"line":137,"column":4},"end":{"line":137,"column":40}},"93":{"start":{"line":141,"column":4},"end":{"line":141,"column":40}},"94":{"start":{"line":145,"column":4},"end":{"line":215,"column":6}},"95":{"start":{"line":153,"column":48},"end":{"line":153,"column":92}},"96":{"start":{"line":159,"column":85},"end":{"line":159,"column":128}},"97":{"start":{"line":160,"column":46},"end":{"line":160,"column":77}},"98":{"start":{"line":161,"column":51},"end":{"line":161,"column":95}},"99":{"start":{"line":163,"column":97},"end":{"line":163,"column":137}},"100":{"start":{"line":164,"column":57},"end":{"line":164,"column":100}},"101":{"start":{"line":170,"column":18},"end":{"line":186,"column":23}},"102":{"start":{"line":181,"column":65},"end":{"line":181,"column":98}},"103":{"start":{"line":194,"column":16},"end":{"line":206,"column":21}},"104":{"start":{"line":203,"column":66},"end":{"line":203,"column":98}},"105":{"start":{"line":211,"column":83},"end":{"line":211,"column":128}},"106":{"start":{"line":212,"column":37},"end":{"line":212,"column":83}},"107":{"start":{"line":219,"column":24},"end":{"line":231,"column":1}},"108":{"start":{"line":220,"column":4},"end":{"line":230,"column":5}},"109":{"start":{"line":233,"column":27},"end":{"line":248,"column":1}},"110":{"start":{"line":234,"column":4},"end":{"line":247,"column":5}},"111":{"start":{"line":235,"column":27},"end":{"line":235,"column":52}},"112":{"start":{"line":236,"column":33},"end":{"line":236,"column":64}},"113":{"start":{"line":237,"column":27},"end":{"line":237,"column":52}},"114":{"start":{"line":238,"column":31},"end":{"line":238,"column":60}},"115":{"start":{"line":239,"column":36},"end":{"line":239,"column":70}},"116":{"start":{"line":240,"column":30},"end":{"line":240,"column":58}},"117":{"start":{"line":241,"column":33},"end":{"line":241,"column":64}},"118":{"start":{"line":242,"column":32},"end":{"line":242,"column":62}},"119":{"start":{"line":243,"column":34},"end":{"line":243,"column":66}},"120":{"start":{"line":244,"column":34},"end":{"line":244,"column":66}},"121":{"start":{"line":245,"column":41},"end":{"line":245,"column":80}},"122":{"start":{"line":246,"column":29},"end":{"line":246,"column":56}}},"fnMap":{"0":{"name":"(anonymous_0)","decl":{"start":{"line":7,"column":2},"end":{"line":7,"column":3}},"loc":{"start":{"line":7,"column":21},"end":{"line":20,"column":3}},"line":7},"1":{"name":"(anonymous_1)","decl":{"start":{"line":22,"column":2},"end":{"line":22,"column":3}},"loc":{"start":{"line":22,"column":22},"end":{"line":128,"column":3}},"line":22},"2":{"name":"(anonymous_2)","decl":{"start":{"line":39,"column":63},"end":{"line":39,"column":64}},"loc":{"start":{"line":39,"column":70},"end":{"line":39,"column":80}},"line":39},"3":{"name":"(anonymous_3)","decl":{"start":{"line":39,"column":87},"end":{"line":39,"column":88}},"loc":{"start":{"line":39,"column":94},"end":{"line":58,"column":7}},"line":39},"4":{"name":"(anonymous_4)","decl":{"start":{"line":58,"column":14},"end":{"line":58,"column":15}},"loc":{"start":{"line":58,"column":21},"end":{"line":86,"column":7}},"line":58},"5":{"name":"(anonymous_5)","decl":{"start":{"line":86,"column":14},"end":{"line":86,"column":15}},"loc":{"start":{"line":86,"column":21},"end":{"line":127,"column":7}},"line":86},"6":{"name":"(anonymous_6)","decl":{"start":{"line":87,"column":65},"end":{"line":87,"column":66}},"loc":{"start":{"line":87,"column":72},"end":{"line":87,"column":82}},"line":87},"7":{"name":"(anonymous_7)","decl":{"start":{"line":87,"column":89},"end":{"line":87,"column":90}},"loc":{"start":{"line":87,"column":96},"end":{"line":125,"column":11}},"line":87},"8":{"name":"(anonymous_8)","decl":{"start":{"line":130,"column":2},"end":{"line":130,"column":3}},"loc":{"start":{"line":130,"column":16},"end":{"line":133,"column":3}},"line":130},"9":{"name":"(anonymous_9)","decl":{"start":{"line":135,"column":2},"end":{"line":135,"column":3}},"loc":{"start":{"line":135,"column":11},"end":{"line":138,"column":3}},"line":135},"10":{"name":"(anonymous_10)","decl":{"start":{"line":140,"column":2},"end":{"line":140,"column":3}},"loc":{"start":{"line":140,"column":12},"end":{"line":142,"column":3}},"line":140},"11":{"name":"(anonymous_11)","decl":{"start":{"line":144,"column":2},"end":{"line":144,"column":3}},"loc":{"start":{"line":144,"column":11},"end":{"line":216,"column":3}},"line":144},"12":{"name":"(anonymous_12)","decl":{"start":{"line":153,"column":43},"end":{"line":153,"column":44}},"loc":{"start":{"line":153,"column":48},"end":{"line":153,"column":92}},"line":153},"13":{"name":"(anonymous_13)","decl":{"start":{"line":159,"column":80},"end":{"line":159,"column":81}},"loc":{"start":{"line":159,"column":85},"end":{"line":159,"column":128}},"line":159},"14":{"name":"(anonymous_14)","decl":{"start":{"line":160,"column":42},"end":{"line":160,"column":43}},"loc":{"start":{"line":160,"column":46},"end":{"line":160,"column":77}},"line":160},"15":{"name":"(anonymous_15)","decl":{"start":{"line":161,"column":47},"end":{"line":161,"column":48}},"loc":{"start":{"line":161,"column":51},"end":{"line":161,"column":95}},"line":161},"16":{"name":"(anonymous_16)","decl":{"start":{"line":163,"column":92},"end":{"line":163,"column":93}},"loc":{"start":{"line":163,"column":97},"end":{"line":163,"column":137}},"line":163},"17":{"name":"(anonymous_17)","decl":{"start":{"line":164,"column":51},"end":{"line":164,"column":52}},"loc":{"start":{"line":164,"column":57},"end":{"line":164,"column":100}},"line":164},"18":{"name":"(anonymous_18)","decl":{"start":{"line":169,"column":44},"end":{"line":169,"column":45}},"loc":{"start":{"line":170,"column":18},"end":{"line":186,"column":23}},"line":170},"19":{"name":"(anonymous_19)","decl":{"start":{"line":181,"column":61},"end":{"line":181,"column":62}},"loc":{"start":{"line":181,"column":65},"end":{"line":181,"column":98}},"line":181},"20":{"name":"(anonymous_20)","decl":{"start":{"line":193,"column":40},"end":{"line":193,"column":41}},"loc":{"start":{"line":194,"column":16},"end":{"line":206,"column":21}},"line":194},"21":{"name":"(anonymous_21)","decl":{"start":{"line":203,"column":60},"end":{"line":203,"column":61}},"loc":{"start":{"line":203,"column":66},"end":{"line":203,"column":98}},"line":203},"22":{"name":"(anonymous_22)","decl":{"start":{"line":211,"column":78},"end":{"line":211,"column":79}},"loc":{"start":{"line":211,"column":83},"end":{"line":211,"column":128}},"line":211},"23":{"name":"(anonymous_23)","decl":{"start":{"line":212,"column":31},"end":{"line":212,"column":32}},"loc":{"start":{"line":212,"column":37},"end":{"line":212,"column":83}},"line":212},"24":{"name":"(anonymous_24)","decl":{"start":{"line":219,"column":24},"end":{"line":219,"column":25}},"loc":{"start":{"line":219,"column":35},"end":{"line":231,"column":1}},"line":219},"25":{"name":"(anonymous_25)","decl":{"start":{"line":233,"column":27},"end":{"line":233,"column":28}},"loc":{"start":{"line":233,"column":41},"end":{"line":248,"column":1}},"line":233},"26":{"name":"(anonymous_26)","decl":{"start":{"line":235,"column":21},"end":{"line":235,"column":22}},"loc":{"start":{"line":235,"column":27},"end":{"line":235,"column":52}},"line":235},"27":{"name":"(anonymous_27)","decl":{"start":{"line":236,"column":21},"end":{"line":236,"column":22}},"loc":{"start":{"line":236,"column":33},"end":{"line":236,"column":64}},"line":236},"28":{"name":"(anonymous_28)","decl":{"start":{"line":237,"column":17},"end":{"line":237,"column":18}},"loc":{"start":{"line":237,"column":27},"end":{"line":237,"column":52}},"line":237},"29":{"name":"(anonymous_29)","decl":{"start":{"line":238,"column":17},"end":{"line":238,"column":18}},"loc":{"start":{"line":238,"column":31},"end":{"line":238,"column":60}},"line":238},"30":{"name":"(anonymous_30)","decl":{"start":{"line":239,"column":21},"end":{"line":239,"column":22}},"loc":{"start":{"line":239,"column":36},"end":{"line":239,"column":70}},"line":239},"31":{"name":"(anonymous_31)","decl":{"start":{"line":240,"column":16},"end":{"line":240,"column":17}},"loc":{"start":{"line":240,"column":30},"end":{"line":240,"column":58}},"line":240},"32":{"name":"(anonymous_32)","decl":{"start":{"line":241,"column":19},"end":{"line":241,"column":20}},"loc":{"start":{"line":241,"column":33},"end":{"line":241,"column":64}},"line":241},"33":{"name":"(anonymous_33)","decl":{"start":{"line":242,"column":18},"end":{"line":242,"column":19}},"loc":{"start":{"line":242,"column":32},"end":{"line":242,"column":62}},"line":242},"34":{"name":"(anonymous_34)","decl":{"start":{"line":243,"column":19},"end":{"line":243,"column":20}},"loc":{"start":{"line":243,"column":34},"end":{"line":243,"column":66}},"line":243},"35":{"name":"(anonymous_35)","decl":{"start":{"line":244,"column":18},"end":{"line":244,"column":19}},"loc":{"start":{"line":244,"column":34},"end":{"line":244,"column":66}},"line":244},"36":{"name":"(anonymous_36)","decl":{"start":{"line":245,"column":24},"end":{"line":245,"column":25}},"loc":{"start":{"line":245,"column":41},"end":{"line":245,"column":80}},"line":245},"37":{"name":"(anonymous_37)","decl":{"start":{"line":246,"column":21},"end":{"line":246,"column":22}},"loc":{"start":{"line":246,"column":29},"end":{"line":246,"column":56}},"line":246}},"branchMap":{"0":{"loc":{"start":{"line":23,"column":6},"end":{"line":30,"column":7}},"type":"if","locations":[{"start":{"line":23,"column":6},"end":{"line":30,"column":7}},{"start":{"line":23,"column":6},"end":{"line":30,"column":7}}],"line":23},"1":{"loc":{"start":{"line":23,"column":10},"end":{"line":23,"column":83}},"type":"binary-expr","locations":[{"start":{"line":23,"column":10},"end":{"line":23,"column":55}},{"start":{"line":23,"column":58},"end":{"line":23,"column":83}}],"line":23},"2":{"loc":{"start":{"line":27,"column":8},"end":{"line":29,"column":9}},"type":"if","locations":[{"start":{"line":27,"column":8},"end":{"line":29,"column":9}},{"start":{"line":27,"column":8},"end":{"line":29,"column":9}}],"line":27},"3":{"loc":{"start":{"line":31,"column":6},"end":{"line":38,"column":7}},"type":"if","locations":[{"start":{"line":31,"column":6},"end":{"line":38,"column":7}},{"start":{"line":31,"column":6},"end":{"line":38,"column":7}}],"line":31},"4":{"loc":{"start":{"line":31,"column":10},"end":{"line":31,"column":85}},"type":"binary-expr","locations":[{"start":{"line":31,"column":10},"end":{"line":31,"column":56}},{"start":{"line":31,"column":59},"end":{"line":31,"column":85}}],"line":31},"5":{"loc":{"start":{"line":35,"column":8},"end":{"line":37,"column":9}},"type":"if","locations":[{"start":{"line":35,"column":8},"end":{"line":37,"column":9}},{"start":{"line":35,"column":8},"end":{"line":37,"column":9}}],"line":35},"6":{"loc":{"start":{"line":62,"column":10},"end":{"line":72,"column":11}},"type":"if","locations":[{"start":{"line":62,"column":10},"end":{"line":72,"column":11}},{"start":{"line":62,"column":10},"end":{"line":72,"column":11}}],"line":62},"7":{"loc":{"start":{"line":74,"column":8},"end":{"line":84,"column":9}},"type":"if","locations":[{"start":{"line":74,"column":8},"end":{"line":84,"column":9}},{"start":{"line":74,"column":8},"end":{"line":84,"column":9}}],"line":74},"8":{"loc":{"start":{"line":100,"column":12},"end":{"line":106,"column":13}},"type":"if","locations":[{"start":{"line":100,"column":12},"end":{"line":106,"column":13}},{"start":{"line":100,"column":12},"end":{"line":106,"column":13}}],"line":100},"9":{"loc":{"start":{"line":116,"column":10},"end":{"line":123,"column":11}},"type":"if","locations":[{"start":{"line":116,"column":10},"end":{"line":123,"column":11}},{"start":{"line":116,"column":10},"end":{"line":123,"column":11}}],"line":116},"10":{"loc":{"start":{"line":117,"column":12},"end":{"line":122,"column":13}},"type":"if","locations":[{"start":{"line":117,"column":12},"end":{"line":122,"column":13}},{"start":{"line":117,"column":12},"end":{"line":122,"column":13}}],"line":117}},"s":{"0":1,"1":1,"2":1,"3":1,"4":1,"5":1,"6":1,"7":0,"8":0,"9":1,"10":1,"11":0,"12":0,"13":1,"14":0,"15":0,"16":0,"17":0,"18":0,"19":0,"20":0,"21":0,"22":0,"23":0,"24":0,"25":0,"26":0,"27":0,"28":0,"29":0,"30":0,"31":0,"32":0,"33":0,"34":0,"35":0,"36":0,"37":0,"38":0,"39":0,"40":0,"41":0,"42":0,"43":0,"44":0,"45":0,"46":0,"47":0,"48":0,"49":0,"50":0,"51":0,"52":0,"53":0,"54":0,"55":0,"56":0,"57":0,"58":0,"59":0,"60":0,"61":0,"62":0,"63":0,"64":0,"65":0,"66":0,"67":0,"68":0,"69":0,"70":0,"71":0,"72":0,"73":0,"74":0,"75":0,"76":0,"77":0,"78":0,"79":0,"80":0,"81":0,"82":0,"83":0,"84":0,"85":0,"86":0,"87":0,"88":0,"89":0,"90":0,"91":1,"92":1,"93":0,"94":2,"95":0,"96":0,"97":0,"98":0,"99":0,"100":0,"101":16,"102":0,"103":6,"104":0,"105":0,"106":0,"107":1,"108":1,"109":1,"110":1,"111":0,"112":0,"113":0,"114":0,"115":0,"116":0,"117":0,"118":0,"119":0,"120":0,"121":0,"122":0},"f":{"0":1,"1":1,"2":0,"3":0,"4":0,"5":0,"6":0,"7":0,"8":0,"9":1,"10":0,"11":2,"12":0,"13":0,"14":0,"15":0,"16":0,"17":0,"18":16,"19":0,"20":6,"21":0,"22":0,"23":0,"24":1,"25":1,"26":0,"27":0,"28":0,"29":0,"30":0,"31":0,"32":0,"33":0,"34":0,"35":0,"36":0,"37":0},"b":{"0":[1,0],"1":[1,1],"2":[0,0],"3":[1,0],"4":[1,1],"5":[0,0],"6":[0,0],"7":[0,0],"8":[0,0],"9":[0,0],"10":[0,0]},"_coverageSchema":"43e27e138ebf9cfc5966b082cf9a028302ed4184","hash":"70c947b5cb3299b23491e54457a398de373838dd"}
,"C:\\Users\\Wei\\Documents\\CS531\\hw4\\frontend\\src\\Profile.js": {"path":"C:\\Users\\Wei\\Documents\\CS531\\hw4\\frontend\\src\\Profile.js","statementMap":{"0":{"start":{"line":8,"column":4},"end":{"line":8,"column":17}},"1":{"start":{"line":9,"column":4},"end":{"line":21,"column":5}},"2":{"start":{"line":22,"column":4},"end":{"line":22,"column":53}},"3":{"start":{"line":26,"column":4},"end":{"line":74,"column":5}},"4":{"start":{"line":27,"column":6},"end":{"line":35,"column":7}},"5":{"start":{"line":28,"column":8},"end":{"line":34,"column":9}},"6":{"start":{"line":29,"column":10},"end":{"line":29,"column":75}},"7":{"start":{"line":30,"column":10},"end":{"line":30,"column":89}},"8":{"start":{"line":31,"column":10},"end":{"line":31,"column":72}},"9":{"start":{"line":32,"column":10},"end":{"line":32,"column":72}},"10":{"start":{"line":36,"column":4},"end":{"line":38,"column":5}},"11":{"start":{"line":37,"column":6},"end":{"line":37,"column":72}},"12":{"start":{"line":39,"column":17},"end":{"line":39,"column":19}},"13":{"start":{"line":40,"column":6},"end":{"line":42,"column":7}},"14":{"start":{"line":40,"column":19},"end":{"line":40,"column":20}},"15":{"start":{"line":41,"column":8},"end":{"line":41,"column":26}},"16":{"start":{"line":43,"column":6},"end":{"line":43,"column":42}},"17":{"start":{"line":44,"column":6},"end":{"line":44,"column":67}},"18":{"start":{"line":45,"column":6},"end":{"line":45,"column":67}},"19":{"start":{"line":46,"column":6},"end":{"line":46,"column":71}},"20":{"start":{"line":47,"column":6},"end":{"line":47,"column":73}},"21":{"start":{"line":50,"column":6},"end":{"line":52,"column":7}},"22":{"start":{"line":51,"column":8},"end":{"line":51,"column":69}},"23":{"start":{"line":53,"column":6},"end":{"line":55,"column":7}},"24":{"start":{"line":54,"column":8},"end":{"line":54,"column":63}},"25":{"start":{"line":56,"column":6},"end":{"line":58,"column":7}},"26":{"start":{"line":57,"column":8},"end":{"line":57,"column":63}},"27":{"start":{"line":59,"column":6},"end":{"line":61,"column":7}},"28":{"start":{"line":60,"column":8},"end":{"line":60,"column":67}},"29":{"start":{"line":62,"column":6},"end":{"line":64,"column":7}},"30":{"start":{"line":63,"column":8},"end":{"line":63,"column":69}},"31":{"start":{"line":65,"column":6},"end":{"line":65,"column":73}},"32":{"start":{"line":66,"column":6},"end":{"line":66,"column":67}},"33":{"start":{"line":67,"column":6},"end":{"line":67,"column":67}},"34":{"start":{"line":68,"column":6},"end":{"line":68,"column":71}},"35":{"start":{"line":69,"column":17},"end":{"line":69,"column":19}},"36":{"start":{"line":70,"column":6},"end":{"line":72,"column":7}},"37":{"start":{"line":70,"column":19},"end":{"line":70,"column":20}},"38":{"start":{"line":71,"column":8},"end":{"line":71,"column":26}},"39":{"start":{"line":73,"column":6},"end":{"line":73,"column":42}},"40":{"start":{"line":78,"column":4},"end":{"line":94,"column":5}},"41":{"start":{"line":79,"column":17},"end":{"line":79,"column":21}},"42":{"start":{"line":80,"column":6},"end":{"line":82,"column":7}},"43":{"start":{"line":81,"column":8},"end":{"line":81,"column":21}},"44":{"start":{"line":83,"column":6},"end":{"line":87,"column":7}},"45":{"start":{"line":83,"column":19},"end":{"line":83,"column":20}},"46":{"start":{"line":84,"column":8},"end":{"line":86,"column":9}},"47":{"start":{"line":85,"column":10},"end":{"line":85,"column":23}},"48":{"start":{"line":88,"column":6},"end":{"line":93,"column":7}},"49":{"start":{"line":89,"column":8},"end":{"line":89,"column":52}},"50":{"start":{"line":92,"column":8},"end":{"line":92,"column":54}},"51":{"start":{"line":95,"column":4},"end":{"line":113,"column":5}},"52":{"start":{"line":96,"column":17},"end":{"line":96,"column":21}},"53":{"start":{"line":97,"column":18},"end":{"line":97,"column":23}},"54":{"start":{"line":98,"column":6},"end":{"line":106,"column":7}},"55":{"start":{"line":98,"column":19},"end":{"line":98,"column":20}},"56":{"start":{"line":99,"column":8},"end":{"line":101,"column":9}},"57":{"start":{"line":100,"column":10},"end":{"line":100,"column":22}},"58":{"start":{"line":102,"column":8},"end":{"line":105,"column":9}},"59":{"start":{"line":103,"column":10},"end":{"line":103,"column":23}},"60":{"start":{"line":104,"column":10},"end":{"line":104,"column":23}},"61":{"start":{"line":107,"column":6},"end":{"line":112,"column":7}},"62":{"start":{"line":108,"column":8},"end":{"line":108,"column":52}},"63":{"start":{"line":111,"column":8},"end":{"line":111,"column":66}},"64":{"start":{"line":114,"column":4},"end":{"line":137,"column":5}},"65":{"start":{"line":115,"column":17},"end":{"line":115,"column":21}},"66":{"start":{"line":116,"column":6},"end":{"line":118,"column":7}},"67":{"start":{"line":117,"column":8},"end":{"line":117,"column":21}},"68":{"start":{"line":119,"column":6},"end":{"line":130,"column":7}},"69":{"start":{"line":119,"column":19},"end":{"line":119,"column":20}},"70":{"start":{"line":120,"column":8},"end":{"line":129,"column":9}},"71":{"start":{"line":121,"column":10},"end":{"line":123,"column":11}},"72":{"start":{"line":122,"column":12},"end":{"line":122,"column":25}},"73":{"start":{"line":126,"column":10},"end":{"line":128,"column":11}},"74":{"start":{"line":127,"column":12},"end":{"line":127,"column":25}},"75":{"start":{"line":131,"column":6},"end":{"line":136,"column":7}},"76":{"start":{"line":132,"column":8},"end":{"line":132,"column":52}},"77":{"start":{"line":135,"column":8},"end":{"line":135,"column":64}},"78":{"start":{"line":138,"column":4},"end":{"line":156,"column":5}},"79":{"start":{"line":139,"column":18},"end":{"line":139,"column":22}},"80":{"start":{"line":140,"column":6},"end":{"line":149,"column":7}},"81":{"start":{"line":140,"column":19},"end":{"line":140,"column":20}},"82":{"start":{"line":141,"column":8},"end":{"line":144,"column":9}},"83":{"start":{"line":142,"column":10},"end":{"line":142,"column":24}},"84":{"start":{"line":143,"column":10},"end":{"line":143,"column":16}},"85":{"start":{"line":145,"column":8},"end":{"line":148,"column":9}},"86":{"start":{"line":146,"column":10},"end":{"line":146,"column":24}},"87":{"start":{"line":147,"column":10},"end":{"line":147,"column":16}},"88":{"start":{"line":150,"column":6},"end":{"line":155,"column":7}},"89":{"start":{"line":151,"column":8},"end":{"line":151,"column":54}},"90":{"start":{"line":154,"column":8},"end":{"line":154,"column":88}},"91":{"start":{"line":157,"column":4},"end":{"line":176,"column":5}},"92":{"start":{"line":158,"column":6},"end":{"line":165,"column":7}},"93":{"start":{"line":159,"column":8},"end":{"line":159,"column":51}},"94":{"start":{"line":160,"column":19},"end":{"line":160,"column":21}},"95":{"start":{"line":161,"column":8},"end":{"line":163,"column":9}},"96":{"start":{"line":161,"column":21},"end":{"line":161,"column":22}},"97":{"start":{"line":162,"column":10},"end":{"line":162,"column":28}},"98":{"start":{"line":164,"column":8},"end":{"line":164,"column":44}},"99":{"start":{"line":168,"column":6},"end":{"line":175,"column":7}},"100":{"start":{"line":169,"column":8},"end":{"line":169,"column":50}},"101":{"start":{"line":170,"column":19},"end":{"line":170,"column":21}},"102":{"start":{"line":171,"column":8},"end":{"line":173,"column":9}},"103":{"start":{"line":171,"column":21},"end":{"line":171,"column":22}},"104":{"start":{"line":172,"column":10},"end":{"line":172,"column":28}},"105":{"start":{"line":174,"column":8},"end":{"line":174,"column":44}},"106":{"start":{"line":180,"column":4},"end":{"line":205,"column":6}},"107":{"start":{"line":197,"column":86},"end":{"line":197,"column":126}},"108":{"start":{"line":198,"column":63},"end":{"line":198,"column":104}},"109":{"start":{"line":199,"column":100},"end":{"line":199,"column":141}},"110":{"start":{"line":200,"column":84},"end":{"line":200,"column":123}},"111":{"start":{"line":201,"column":69},"end":{"line":201,"column":109}},"112":{"start":{"line":209,"column":24},"end":{"line":220,"column":1}},"113":{"start":{"line":210,"column":4},"end":{"line":219,"column":5}},"114":{"start":{"line":222,"column":27},"end":{"line":231,"column":1}},"115":{"start":{"line":223,"column":4},"end":{"line":230,"column":5}},"116":{"start":{"line":224,"column":30},"end":{"line":224,"column":58}},"117":{"start":{"line":225,"column":30},"end":{"line":225,"column":58}},"118":{"start":{"line":226,"column":30},"end":{"line":226,"column":58}},"119":{"start":{"line":227,"column":32},"end":{"line":227,"column":62}},"120":{"start":{"line":228,"column":34},"end":{"line":228,"column":66}},"121":{"start":{"line":229,"column":32},"end":{"line":229,"column":62}}},"fnMap":{"0":{"name":"(anonymous_0)","decl":{"start":{"line":7,"column":2},"end":{"line":7,"column":3}},"loc":{"start":{"line":7,"column":21},"end":{"line":23,"column":3}},"line":7},"1":{"name":"(anonymous_1)","decl":{"start":{"line":25,"column":2},"end":{"line":25,"column":3}},"loc":{"start":{"line":25,"column":22},"end":{"line":75,"column":3}},"line":25},"2":{"name":"(anonymous_2)","decl":{"start":{"line":77,"column":2},"end":{"line":77,"column":3}},"loc":{"start":{"line":77,"column":16},"end":{"line":177,"column":3}},"line":77},"3":{"name":"(anonymous_3)","decl":{"start":{"line":179,"column":2},"end":{"line":179,"column":3}},"loc":{"start":{"line":179,"column":11},"end":{"line":206,"column":3}},"line":179},"4":{"name":"(anonymous_4)","decl":{"start":{"line":197,"column":81},"end":{"line":197,"column":82}},"loc":{"start":{"line":197,"column":86},"end":{"line":197,"column":126}},"line":197},"5":{"name":"(anonymous_5)","decl":{"start":{"line":198,"column":58},"end":{"line":198,"column":59}},"loc":{"start":{"line":198,"column":63},"end":{"line":198,"column":104}},"line":198},"6":{"name":"(anonymous_6)","decl":{"start":{"line":199,"column":95},"end":{"line":199,"column":96}},"loc":{"start":{"line":199,"column":100},"end":{"line":199,"column":141}},"line":199},"7":{"name":"(anonymous_7)","decl":{"start":{"line":200,"column":79},"end":{"line":200,"column":80}},"loc":{"start":{"line":200,"column":84},"end":{"line":200,"column":123}},"line":200},"8":{"name":"(anonymous_8)","decl":{"start":{"line":201,"column":64},"end":{"line":201,"column":65}},"loc":{"start":{"line":201,"column":69},"end":{"line":201,"column":109}},"line":201},"9":{"name":"(anonymous_9)","decl":{"start":{"line":209,"column":24},"end":{"line":209,"column":25}},"loc":{"start":{"line":209,"column":35},"end":{"line":220,"column":1}},"line":209},"10":{"name":"(anonymous_10)","decl":{"start":{"line":222,"column":27},"end":{"line":222,"column":28}},"loc":{"start":{"line":222,"column":41},"end":{"line":231,"column":1}},"line":222},"11":{"name":"(anonymous_11)","decl":{"start":{"line":224,"column":17},"end":{"line":224,"column":18}},"loc":{"start":{"line":224,"column":30},"end":{"line":224,"column":58}},"line":224},"12":{"name":"(anonymous_12)","decl":{"start":{"line":225,"column":19},"end":{"line":225,"column":20}},"loc":{"start":{"line":225,"column":30},"end":{"line":225,"column":58}},"line":225},"13":{"name":"(anonymous_13)","decl":{"start":{"line":226,"column":19},"end":{"line":226,"column":20}},"loc":{"start":{"line":226,"column":30},"end":{"line":226,"column":58}},"line":226},"14":{"name":"(anonymous_14)","decl":{"start":{"line":227,"column":18},"end":{"line":227,"column":19}},"loc":{"start":{"line":227,"column":32},"end":{"line":227,"column":62}},"line":227},"15":{"name":"(anonymous_15)","decl":{"start":{"line":228,"column":19},"end":{"line":228,"column":20}},"loc":{"start":{"line":228,"column":34},"end":{"line":228,"column":66}},"line":228},"16":{"name":"(anonymous_16)","decl":{"start":{"line":229,"column":18},"end":{"line":229,"column":19}},"loc":{"start":{"line":229,"column":32},"end":{"line":229,"column":62}},"line":229}},"branchMap":{"0":{"loc":{"start":{"line":26,"column":4},"end":{"line":74,"column":5}},"type":"if","locations":[{"start":{"line":26,"column":4},"end":{"line":74,"column":5}},{"start":{"line":26,"column":4},"end":{"line":74,"column":5}}],"line":26},"1":{"loc":{"start":{"line":28,"column":8},"end":{"line":34,"column":9}},"type":"if","locations":[{"start":{"line":28,"column":8},"end":{"line":34,"column":9}},{"start":{"line":28,"column":8},"end":{"line":34,"column":9}}],"line":28},"2":{"loc":{"start":{"line":36,"column":4},"end":{"line":38,"column":5}},"type":"if","locations":[{"start":{"line":36,"column":4},"end":{"line":38,"column":5}},{"start":{"line":36,"column":4},"end":{"line":38,"column":5}}],"line":36},"3":{"loc":{"start":{"line":50,"column":6},"end":{"line":52,"column":7}},"type":"if","locations":[{"start":{"line":50,"column":6},"end":{"line":52,"column":7}},{"start":{"line":50,"column":6},"end":{"line":52,"column":7}}],"line":50},"4":{"loc":{"start":{"line":53,"column":6},"end":{"line":55,"column":7}},"type":"if","locations":[{"start":{"line":53,"column":6},"end":{"line":55,"column":7}},{"start":{"line":53,"column":6},"end":{"line":55,"column":7}}],"line":53},"5":{"loc":{"start":{"line":56,"column":6},"end":{"line":58,"column":7}},"type":"if","locations":[{"start":{"line":56,"column":6},"end":{"line":58,"column":7}},{"start":{"line":56,"column":6},"end":{"line":58,"column":7}}],"line":56},"6":{"loc":{"start":{"line":59,"column":6},"end":{"line":61,"column":7}},"type":"if","locations":[{"start":{"line":59,"column":6},"end":{"line":61,"column":7}},{"start":{"line":59,"column":6},"end":{"line":61,"column":7}}],"line":59},"7":{"loc":{"start":{"line":62,"column":6},"end":{"line":64,"column":7}},"type":"if","locations":[{"start":{"line":62,"column":6},"end":{"line":64,"column":7}},{"start":{"line":62,"column":6},"end":{"line":64,"column":7}}],"line":62},"8":{"loc":{"start":{"line":78,"column":4},"end":{"line":94,"column":5}},"type":"if","locations":[{"start":{"line":78,"column":4},"end":{"line":94,"column":5}},{"start":{"line":78,"column":4},"end":{"line":94,"column":5}}],"line":78},"9":{"loc":{"start":{"line":78,"column":8},"end":{"line":78,"column":74}},"type":"binary-expr","locations":[{"start":{"line":78,"column":8},"end":{"line":78,"column":31}},{"start":{"line":78,"column":35},"end":{"line":78,"column":74}}],"line":78},"10":{"loc":{"start":{"line":80,"column":6},"end":{"line":82,"column":7}},"type":"if","locations":[{"start":{"line":80,"column":6},"end":{"line":82,"column":7}},{"start":{"line":80,"column":6},"end":{"line":82,"column":7}}],"line":80},"11":{"loc":{"start":{"line":84,"column":8},"end":{"line":86,"column":9}},"type":"if","locations":[{"start":{"line":84,"column":8},"end":{"line":86,"column":9}},{"start":{"line":84,"column":8},"end":{"line":86,"column":9}}],"line":84},"12":{"loc":{"start":{"line":88,"column":6},"end":{"line":93,"column":7}},"type":"if","locations":[{"start":{"line":88,"column":6},"end":{"line":93,"column":7}},{"start":{"line":88,"column":6},"end":{"line":93,"column":7}}],"line":88},"13":{"loc":{"start":{"line":95,"column":4},"end":{"line":113,"column":5}},"type":"if","locations":[{"start":{"line":95,"column":4},"end":{"line":113,"column":5}},{"start":{"line":95,"column":4},"end":{"line":113,"column":5}}],"line":95},"14":{"loc":{"start":{"line":95,"column":8},"end":{"line":95,"column":76}},"type":"binary-expr","locations":[{"start":{"line":95,"column":8},"end":{"line":95,"column":33}},{"start":{"line":95,"column":37},"end":{"line":95,"column":76}}],"line":95},"15":{"loc":{"start":{"line":99,"column":8},"end":{"line":101,"column":9}},"type":"if","locations":[{"start":{"line":99,"column":8},"end":{"line":101,"column":9}},{"start":{"line":99,"column":8},"end":{"line":101,"column":9}}],"line":99},"16":{"loc":{"start":{"line":102,"column":8},"end":{"line":105,"column":9}},"type":"if","locations":[{"start":{"line":102,"column":8},"end":{"line":105,"column":9}},{"start":{"line":102,"column":8},"end":{"line":105,"column":9}}],"line":102},"17":{"loc":{"start":{"line":102,"column":12},"end":{"line":102,"column":66}},"type":"binary-expr","locations":[{"start":{"line":102,"column":12},"end":{"line":102,"column":16}},{"start":{"line":102,"column":20},"end":{"line":102,"column":56}},{"start":{"line":102,"column":60},"end":{"line":102,"column":66}}],"line":102},"18":{"loc":{"start":{"line":107,"column":6},"end":{"line":112,"column":7}},"type":"if","locations":[{"start":{"line":107,"column":6},"end":{"line":112,"column":7}},{"start":{"line":107,"column":6},"end":{"line":112,"column":7}}],"line":107},"19":{"loc":{"start":{"line":107,"column":10},"end":{"line":107,"column":23}},"type":"binary-expr","locations":[{"start":{"line":107,"column":10},"end":{"line":107,"column":14}},{"start":{"line":107,"column":18},"end":{"line":107,"column":23}}],"line":107},"20":{"loc":{"start":{"line":114,"column":4},"end":{"line":137,"column":5}},"type":"if","locations":[{"start":{"line":114,"column":4},"end":{"line":137,"column":5}},{"start":{"line":114,"column":4},"end":{"line":137,"column":5}}],"line":114},"21":{"loc":{"start":{"line":114,"column":8},"end":{"line":114,"column":76}},"type":"binary-expr","locations":[{"start":{"line":114,"column":8},"end":{"line":114,"column":33}},{"start":{"line":114,"column":37},"end":{"line":114,"column":76}}],"line":114},"22":{"loc":{"start":{"line":116,"column":6},"end":{"line":118,"column":7}},"type":"if","locations":[{"start":{"line":116,"column":6},"end":{"line":118,"column":7}},{"start":{"line":116,"column":6},"end":{"line":118,"column":7}}],"line":116},"23":{"loc":{"start":{"line":120,"column":8},"end":{"line":129,"column":9}},"type":"if","locations":[{"start":{"line":120,"column":8},"end":{"line":129,"column":9}},{"start":{"line":120,"column":8},"end":{"line":129,"column":9}}],"line":120},"24":{"loc":{"start":{"line":120,"column":12},"end":{"line":120,"column":28}},"type":"binary-expr","locations":[{"start":{"line":120,"column":12},"end":{"line":120,"column":18}},{"start":{"line":120,"column":22},"end":{"line":120,"column":28}}],"line":120},"25":{"loc":{"start":{"line":121,"column":10},"end":{"line":123,"column":11}},"type":"if","locations":[{"start":{"line":121,"column":10},"end":{"line":123,"column":11}},{"start":{"line":121,"column":10},"end":{"line":123,"column":11}}],"line":121},"26":{"loc":{"start":{"line":126,"column":10},"end":{"line":128,"column":11}},"type":"if","locations":[{"start":{"line":126,"column":10},"end":{"line":128,"column":11}},{"start":{"line":126,"column":10},"end":{"line":128,"column":11}}],"line":126},"27":{"loc":{"start":{"line":131,"column":6},"end":{"line":136,"column":7}},"type":"if","locations":[{"start":{"line":131,"column":6},"end":{"line":136,"column":7}},{"start":{"line":131,"column":6},"end":{"line":136,"column":7}}],"line":131},"28":{"loc":{"start":{"line":138,"column":4},"end":{"line":156,"column":5}},"type":"if","locations":[{"start":{"line":138,"column":4},"end":{"line":156,"column":5}},{"start":{"line":138,"column":4},"end":{"line":156,"column":5}}],"line":138},"29":{"loc":{"start":{"line":138,"column":8},"end":{"line":138,"column":77}},"type":"binary-expr","locations":[{"start":{"line":138,"column":8},"end":{"line":138,"column":32}},{"start":{"line":138,"column":36},"end":{"line":138,"column":77}}],"line":138},"30":{"loc":{"start":{"line":141,"column":8},"end":{"line":144,"column":9}},"type":"if","locations":[{"start":{"line":141,"column":8},"end":{"line":144,"column":9}},{"start":{"line":141,"column":8},"end":{"line":144,"column":9}}],"line":141},"31":{"loc":{"start":{"line":141,"column":12},"end":{"line":141,"column":96}},"type":"binary-expr","locations":[{"start":{"line":141,"column":12},"end":{"line":141,"column":47}},{"start":{"line":141,"column":51},"end":{"line":141,"column":86}},{"start":{"line":141,"column":90},"end":{"line":141,"column":96}}],"line":141},"32":{"loc":{"start":{"line":145,"column":8},"end":{"line":148,"column":9}},"type":"if","locations":[{"start":{"line":145,"column":8},"end":{"line":148,"column":9}},{"start":{"line":145,"column":8},"end":{"line":148,"column":9}}],"line":145},"33":{"loc":{"start":{"line":145,"column":12},"end":{"line":145,"column":139}},"type":"binary-expr","locations":[{"start":{"line":145,"column":12},"end":{"line":145,"column":100}},{"start":{"line":145,"column":104},"end":{"line":145,"column":139}}],"line":145},"34":{"loc":{"start":{"line":150,"column":6},"end":{"line":155,"column":7}},"type":"if","locations":[{"start":{"line":150,"column":6},"end":{"line":155,"column":7}},{"start":{"line":150,"column":6},"end":{"line":155,"column":7}}],"line":150},"35":{"loc":{"start":{"line":157,"column":4},"end":{"line":176,"column":5}},"type":"if","locations":[{"start":{"line":157,"column":4},"end":{"line":176,"column":5}},{"start":{"line":157,"column":4},"end":{"line":176,"column":5}}],"line":157},"36":{"loc":{"start":{"line":158,"column":6},"end":{"line":165,"column":7}},"type":"if","locations":[{"start":{"line":158,"column":6},"end":{"line":165,"column":7}},{"start":{"line":158,"column":6},"end":{"line":165,"column":7}}],"line":158},"37":{"loc":{"start":{"line":158,"column":10},"end":{"line":158,"column":80}},"type":"binary-expr","locations":[{"start":{"line":158,"column":10},"end":{"line":158,"column":34}},{"start":{"line":158,"column":38},"end":{"line":158,"column":80}}],"line":158},"38":{"loc":{"start":{"line":168,"column":6},"end":{"line":175,"column":7}},"type":"if","locations":[{"start":{"line":168,"column":6},"end":{"line":175,"column":7}},{"start":{"line":168,"column":6},"end":{"line":175,"column":7}}],"line":168},"39":{"loc":{"start":{"line":168,"column":10},"end":{"line":168,"column":79}},"type":"binary-expr","locations":[{"start":{"line":168,"column":10},"end":{"line":168,"column":34}},{"start":{"line":168,"column":38},"end":{"line":168,"column":79}}],"line":168}},"s":{"0":1,"1":1,"2":1,"3":1,"4":1,"5":0,"6":0,"7":0,"8":0,"9":0,"10":1,"11":1,"12":1,"13":1,"14":1,"15":9,"16":1,"17":1,"18":1,"19":1,"20":1,"21":0,"22":0,"23":0,"24":0,"25":0,"26":0,"27":0,"28":0,"29":0,"30":0,"31":0,"32":0,"33":0,"34":0,"35":0,"36":0,"37":0,"38":0,"39":0,"40":0,"41":0,"42":0,"43":0,"44":0,"45":0,"46":0,"47":0,"48":0,"49":0,"50":0,"51":0,"52":0,"53":0,"54":0,"55":0,"56":0,"57":0,"58":0,"59":0,"60":0,"61":0,"62":0,"63":0,"64":0,"65":0,"66":0,"67":0,"68":0,"69":0,"70":0,"71":0,"72":0,"73":0,"74":0,"75":0,"76":0,"77":0,"78":0,"79":0,"80":0,"81":0,"82":0,"83":0,"84":0,"85":0,"86":0,"87":0,"88":0,"89":0,"90":0,"91":0,"92":0,"93":0,"94":0,"95":0,"96":0,"97":0,"98":0,"99":0,"100":0,"101":0,"102":0,"103":0,"104":0,"105":0,"106":2,"107":0,"108":0,"109":0,"110":0,"111":0,"112":1,"113":1,"114":1,"115":1,"116":0,"117":0,"118":0,"119":0,"120":0,"121":0},"f":{"0":1,"1":1,"2":0,"3":2,"4":0,"5":0,"6":0,"7":0,"8":0,"9":1,"10":1,"11":0,"12":0,"13":0,"14":0,"15":0,"16":0},"b":{"0":[1,0],"1":[0,0],"2":[1,0],"3":[0,0],"4":[0,0],"5":[0,0],"6":[0,0],"7":[0,0],"8":[0,0],"9":[0,0],"10":[0,0],"11":[0,0],"12":[0,0],"13":[0,0],"14":[0,0],"15":[0,0],"16":[0,0],"17":[0,0,0],"18":[0,0],"19":[0,0],"20":[0,0],"21":[0,0],"22":[0,0],"23":[0,0],"24":[0,0],"25":[0,0],"26":[0,0],"27":[0,0],"28":[0,0],"29":[0,0],"30":[0,0],"31":[0,0,0],"32":[0,0],"33":[0,0],"34":[0,0],"35":[0,0],"36":[0,0],"37":[0,0],"38":[0,0],"39":[0,0]},"_coverageSchema":"43e27e138ebf9cfc5966b082cf9a028302ed4184","hash":"ea934b9dece0f6e3ca9bb06824cbe1a3ece845d1"}
,"C:\\Users\\Wei\\Documents\\CS531\\hw4\\frontend\\src\\actions.js": {"path":"C:\\Users\\Wei\\Documents\\CS531\\hw4\\frontend\\src\\actions.js","statementMap":{"0":{"start":{"line":4,"column":27},"end":{"line":4,"column":40}},"1":{"start":{"line":5,"column":30},"end":{"line":5,"column":46}},"2":{"start":{"line":6,"column":27},"end":{"line":6,"column":40}},"3":{"start":{"line":7,"column":28},"end":{"line":7,"column":42}},"4":{"start":{"line":8,"column":30},"end":{"line":8,"column":46}},"5":{"start":{"line":9,"column":26},"end":{"line":9,"column":38}},"6":{"start":{"line":10,"column":30},"end":{"line":10,"column":46}},"7":{"start":{"line":11,"column":30},"end":{"line":11,"column":46}},"8":{"start":{"line":12,"column":24},"end":{"line":12,"column":33}},"9":{"start":{"line":13,"column":28},"end":{"line":13,"column":42}},"10":{"start":{"line":14,"column":27},"end":{"line":14,"column":40}},"11":{"start":{"line":15,"column":29},"end":{"line":15,"column":44}},"12":{"start":{"line":16,"column":28},"end":{"line":16,"column":42}},"13":{"start":{"line":17,"column":28},"end":{"line":17,"column":42}},"14":{"start":{"line":18,"column":26},"end":{"line":18,"column":38}},"15":{"start":{"line":19,"column":34},"end":{"line":19,"column":54}},"16":{"start":{"line":20,"column":30},"end":{"line":20,"column":46}},"17":{"start":{"line":25,"column":4},"end":{"line":25,"column":40}},"18":{"start":{"line":29,"column":2},"end":{"line":29,"column":31}},"19":{"start":{"line":33,"column":2},"end":{"line":33,"column":38}},"20":{"start":{"line":37,"column":2},"end":{"line":37,"column":40}},"21":{"start":{"line":41,"column":2},"end":{"line":41,"column":39}},"22":{"start":{"line":45,"column":2},"end":{"line":45,"column":33}},"23":{"start":{"line":49,"column":2},"end":{"line":49,"column":41}},"24":{"start":{"line":53,"column":2},"end":{"line":53,"column":42}},"25":{"start":{"line":57,"column":2},"end":{"line":57,"column":35}},"26":{"start":{"line":61,"column":2},"end":{"line":61,"column":39}},"27":{"start":{"line":65,"column":2},"end":{"line":65,"column":40}},"28":{"start":{"line":69,"column":2},"end":{"line":69,"column":41}},"29":{"start":{"line":73,"column":2},"end":{"line":73,"column":36}},"30":{"start":{"line":77,"column":2},"end":{"line":77,"column":36}},"31":{"start":{"line":81,"column":2},"end":{"line":81,"column":36}},"32":{"start":{"line":85,"column":2},"end":{"line":85,"column":48}},"33":{"start":{"line":89,"column":2},"end":{"line":89,"column":35}}},"fnMap":{"0":{"name":"changePass","decl":{"start":{"line":24,"column":16},"end":{"line":24,"column":26}},"loc":{"start":{"line":24,"column":37},"end":{"line":26,"column":1}},"line":24},"1":{"name":"storeArticles","decl":{"start":{"line":28,"column":16},"end":{"line":28,"column":29}},"loc":{"start":{"line":28,"column":32},"end":{"line":30,"column":1}},"line":28},"2":{"name":"changeUser","decl":{"start":{"line":32,"column":16},"end":{"line":32,"column":26}},"loc":{"start":{"line":32,"column":37},"end":{"line":34,"column":1}},"line":32},"3":{"name":"changeLogin","decl":{"start":{"line":36,"column":16},"end":{"line":36,"column":27}},"loc":{"start":{"line":36,"column":39},"end":{"line":38,"column":1}},"line":36},"4":{"name":"searchArticle","decl":{"start":{"line":40,"column":16},"end":{"line":40,"column":29}},"loc":{"start":{"line":40,"column":38},"end":{"line":42,"column":1}},"line":40},"5":{"name":"storeUser","decl":{"start":{"line":44,"column":16},"end":{"line":44,"column":25}},"loc":{"start":{"line":44,"column":32},"end":{"line":46,"column":1}},"line":44},"6":{"name":"storeDict","decl":{"start":{"line":48,"column":16},"end":{"line":48,"column":25}},"loc":{"start":{"line":48,"column":36},"end":{"line":50,"column":1}},"line":48},"7":{"name":"storeFollower","decl":{"start":{"line":52,"column":16},"end":{"line":52,"column":29}},"loc":{"start":{"line":52,"column":41},"end":{"line":54,"column":1}},"line":52},"8":{"name":"unfollow","decl":{"start":{"line":56,"column":16},"end":{"line":56,"column":24}},"loc":{"start":{"line":56,"column":35},"end":{"line":58,"column":1}},"line":56},"9":{"name":"addFollower","decl":{"start":{"line":60,"column":16},"end":{"line":60,"column":27}},"loc":{"start":{"line":60,"column":38},"end":{"line":62,"column":1}},"line":60},"10":{"name":"addArticle","decl":{"start":{"line":64,"column":16},"end":{"line":64,"column":26}},"loc":{"start":{"line":64,"column":39},"end":{"line":66,"column":1}},"line":64},"11":{"name":"registFlag","decl":{"start":{"line":68,"column":16},"end":{"line":68,"column":26}},"loc":{"start":{"line":68,"column":38},"end":{"line":70,"column":1}},"line":68},"12":{"name":"changePhone","decl":{"start":{"line":72,"column":16},"end":{"line":72,"column":27}},"loc":{"start":{"line":72,"column":35},"end":{"line":74,"column":1}},"line":72},"13":{"name":"changeEmail","decl":{"start":{"line":76,"column":16},"end":{"line":76,"column":27}},"loc":{"start":{"line":76,"column":35},"end":{"line":78,"column":1}},"line":76},"14":{"name":"changeZip","decl":{"start":{"line":80,"column":16},"end":{"line":80,"column":25}},"loc":{"start":{"line":80,"column":35},"end":{"line":82,"column":1}},"line":80},"15":{"name":"storeAllArticles","decl":{"start":{"line":84,"column":16},"end":{"line":84,"column":32}},"loc":{"start":{"line":84,"column":46},"end":{"line":86,"column":1}},"line":84},"16":{"name":"changeComment","decl":{"start":{"line":88,"column":16},"end":{"line":88,"column":29}},"loc":{"start":{"line":88,"column":34},"end":{"line":90,"column":1}},"line":88}},"branchMap":{},"s":{"0":1,"1":1,"2":1,"3":1,"4":1,"5":1,"6":1,"7":1,"8":1,"9":1,"10":1,"11":1,"12":1,"13":1,"14":1,"15":1,"16":1,"17":0,"18":0,"19":0,"20":0,"21":0,"22":0,"23":0,"24":0,"25":0,"26":0,"27":0,"28":0,"29":0,"30":0,"31":0,"32":0,"33":0},"f":{"0":0,"1":0,"2":0,"3":0,"4":0,"5":0,"6":0,"7":0,"8":0,"9":0,"10":0,"11":0,"12":0,"13":0,"14":0,"15":0,"16":0},"b":{},"_coverageSchema":"43e27e138ebf9cfc5966b082cf9a028302ed4184","hash":"56acb2bb8a6a9745320d1fd20598834ac8636c92"}
,"C:\\Users\\Wei\\Documents\\CS531\\hw4\\frontend\\src\\index.js": {"path":"C:\\Users\\Wei\\Documents\\CS531\\hw4\\frontend\\src\\index.js","statementMap":{"0":{"start":{"line":18,"column":8},"end":{"line":24,"column":10}},"1":{"start":{"line":28,"column":14},"end":{"line":28,"column":38}},"2":{"start":{"line":30,"column":0},"end":{"line":52,"column":2}},"3":{"start":{"line":57,"column":0},"end":{"line":57,"column":27}}},"fnMap":{"0":{"name":"(anonymous_0)","decl":{"start":{"line":17,"column":4},"end":{"line":17,"column":5}},"loc":{"start":{"line":17,"column":13},"end":{"line":25,"column":5}},"line":17}},"branchMap":{},"s":{"0":0,"1":0,"2":0,"3":0},"f":{"0":0},"b":{},"hash":"9bd89891f4c94ff1b7a8a706409458bf2a70336b"}
,"C:\\Users\\Wei\\Documents\\CS531\\hw4\\frontend\\src\\reducer.js": {"path":"C:\\Users\\Wei\\Documents\\CS531\\hw4\\frontend\\src\\reducer.js","statementMap":{"0":{"start":{"line":3,"column":20},"end":{"line":17,"column":1}},"1":{"start":{"line":20,"column":2},"end":{"line":142,"column":5}},"2":{"start":{"line":23,"column":8},"end":{"line":23,"column":58}},"3":{"start":{"line":25,"column":8},"end":{"line":25,"column":52}},"4":{"start":{"line":27,"column":8},"end":{"line":27,"column":52}},"5":{"start":{"line":29,"column":17},"end":{"line":29,"column":19}},"6":{"start":{"line":30,"column":8},"end":{"line":39,"column":9}},"7":{"start":{"line":30,"column":21},"end":{"line":30,"column":22}},"8":{"start":{"line":31,"column":10},"end":{"line":33,"column":11}},"9":{"start":{"line":32,"column":12},"end":{"line":32,"column":49}},"10":{"start":{"line":34,"column":10},"end":{"line":38,"column":11}},"11":{"start":{"line":34,"column":23},"end":{"line":34,"column":24}},"12":{"start":{"line":35,"column":12},"end":{"line":37,"column":13}},"13":{"start":{"line":36,"column":14},"end":{"line":36,"column":51}},"14":{"start":{"line":40,"column":8},"end":{"line":40,"column":62}},"15":{"start":{"line":40,"column":40},"end":{"line":40,"column":59}},"16":{"start":{"line":41,"column":8},"end":{"line":41,"column":60}},"17":{"start":{"line":43,"column":8},"end":{"line":43,"column":54}},"18":{"start":{"line":45,"column":19},"end":{"line":45,"column":21}},"19":{"start":{"line":46,"column":8},"end":{"line":50,"column":9}},"20":{"start":{"line":46,"column":21},"end":{"line":46,"column":22}},"21":{"start":{"line":47,"column":10},"end":{"line":49,"column":11}},"22":{"start":{"line":48,"column":12},"end":{"line":48,"column":41}},"23":{"start":{"line":51,"column":8},"end":{"line":51,"column":44}},"24":{"start":{"line":53,"column":8},"end":{"line":53,"column":44}},"25":{"start":{"line":55,"column":8},"end":{"line":55,"column":52}},"26":{"start":{"line":57,"column":8},"end":{"line":57,"column":54}},"27":{"start":{"line":59,"column":19},"end":{"line":59,"column":21}},"28":{"start":{"line":60,"column":8},"end":{"line":64,"column":9}},"29":{"start":{"line":60,"column":21},"end":{"line":60,"column":22}},"30":{"start":{"line":61,"column":10},"end":{"line":63,"column":11}},"31":{"start":{"line":62,"column":12},"end":{"line":62,"column":47}},"32":{"start":{"line":65,"column":26},"end":{"line":65,"column":28}},"33":{"start":{"line":66,"column":8},"end":{"line":70,"column":9}},"34":{"start":{"line":66,"column":21},"end":{"line":66,"column":22}},"35":{"start":{"line":67,"column":10},"end":{"line":69,"column":11}},"36":{"start":{"line":68,"column":12},"end":{"line":68,"column":56}},"37":{"start":{"line":71,"column":8},"end":{"line":71,"column":76}},"38":{"start":{"line":71,"column":54},"end":{"line":71,"column":73}},"39":{"start":{"line":72,"column":8},"end":{"line":72,"column":91}},"40":{"start":{"line":74,"column":8},"end":{"line":74,"column":54}},"41":{"start":{"line":76,"column":19},"end":{"line":76,"column":23}},"42":{"start":{"line":77,"column":8},"end":{"line":88,"column":9}},"43":{"start":{"line":78,"column":10},"end":{"line":87,"column":11}},"44":{"start":{"line":79,"column":23},"end":{"line":79,"column":43}},"45":{"start":{"line":80,"column":22},"end":{"line":80,"column":24}},"46":{"start":{"line":81,"column":12},"end":{"line":81,"column":38}},"47":{"start":{"line":82,"column":12},"end":{"line":82,"column":41}},"48":{"start":{"line":83,"column":22},"end":{"line":83,"column":97}},"49":{"start":{"line":84,"column":12},"end":{"line":84,"column":26}},"50":{"start":{"line":85,"column":12},"end":{"line":85,"column":27}},"51":{"start":{"line":86,"column":12},"end":{"line":86,"column":25}},"52":{"start":{"line":89,"column":8},"end":{"line":92,"column":9}},"53":{"start":{"line":90,"column":10},"end":{"line":90,"column":45}},"54":{"start":{"line":91,"column":10},"end":{"line":91,"column":26}},"55":{"start":{"line":93,"column":22},"end":{"line":93,"column":41}},"56":{"start":{"line":94,"column":8},"end":{"line":98,"column":9}},"57":{"start":{"line":94,"column":21},"end":{"line":94,"column":22}},"58":{"start":{"line":95,"column":10},"end":{"line":97,"column":11}},"59":{"start":{"line":96,"column":12},"end":{"line":96,"column":52}},"60":{"start":{"line":99,"column":8},"end":{"line":99,"column":68}},"61":{"start":{"line":99,"column":46},"end":{"line":99,"column":65}},"62":{"start":{"line":100,"column":8},"end":{"line":100,"column":83}},"63":{"start":{"line":102,"column":19},"end":{"line":102,"column":21}},"64":{"start":{"line":103,"column":18},"end":{"line":103,"column":20}},"65":{"start":{"line":104,"column":19},"end":{"line":104,"column":29}},"66":{"start":{"line":105,"column":8},"end":{"line":105,"column":185}},"67":{"start":{"line":106,"column":8},"end":{"line":106,"column":23}},"68":{"start":{"line":107,"column":8},"end":{"line":109,"column":9}},"69":{"start":{"line":107,"column":21},"end":{"line":107,"column":22}},"70":{"start":{"line":108,"column":10},"end":{"line":108,"column":44}},"71":{"start":{"line":110,"column":20},"end":{"line":110,"column":22}},"72":{"start":{"line":111,"column":8},"end":{"line":113,"column":9}},"73":{"start":{"line":111,"column":21},"end":{"line":111,"column":22}},"74":{"start":{"line":112,"column":10},"end":{"line":112,"column":35}},"75":{"start":{"line":114,"column":8},"end":{"line":114,"column":61}},"76":{"start":{"line":116,"column":8},"end":{"line":116,"column":50}},"77":{"start":{"line":118,"column":8},"end":{"line":118,"column":46}},"78":{"start":{"line":120,"column":8},"end":{"line":120,"column":46}},"79":{"start":{"line":122,"column":19},"end":{"line":122,"column":41}},"80":{"start":{"line":123,"column":8},"end":{"line":138,"column":9}},"81":{"start":{"line":123,"column":21},"end":{"line":123,"column":22}},"82":{"start":{"line":124,"column":10},"end":{"line":137,"column":11}},"83":{"start":{"line":125,"column":12},"end":{"line":136,"column":13}},"84":{"start":{"line":126,"column":14},"end":{"line":126,"column":34}},"85":{"start":{"line":127,"column":26},"end":{"line":127,"column":36}},"86":{"start":{"line":128,"column":14},"end":{"line":128,"column":30}},"87":{"start":{"line":129,"column":14},"end":{"line":129,"column":33}},"88":{"start":{"line":132,"column":14},"end":{"line":132,"column":34}},"89":{"start":{"line":133,"column":26},"end":{"line":133,"column":36}},"90":{"start":{"line":134,"column":14},"end":{"line":134,"column":33}},"91":{"start":{"line":135,"column":14},"end":{"line":135,"column":30}},"92":{"start":{"line":139,"column":8},"end":{"line":139,"column":44}},"93":{"start":{"line":141,"column":8},"end":{"line":141,"column":21}},"94":{"start":{"line":143,"column":4},"end":{"line":143,"column":17}}},"fnMap":{"0":{"name":"frontendApp","decl":{"start":{"line":19,"column":16},"end":{"line":19,"column":27}},"loc":{"start":{"line":19,"column":57},"end":{"line":144,"column":1}},"line":19},"1":{"name":"(anonymous_1)","decl":{"start":{"line":40,"column":25},"end":{"line":40,"column":26}},"loc":{"start":{"line":40,"column":39},"end":{"line":40,"column":60}},"line":40},"2":{"name":"(anonymous_2)","decl":{"start":{"line":71,"column":39},"end":{"line":71,"column":40}},"loc":{"start":{"line":71,"column":53},"end":{"line":71,"column":74}},"line":71},"3":{"name":"(anonymous_3)","decl":{"start":{"line":99,"column":31},"end":{"line":99,"column":32}},"loc":{"start":{"line":99,"column":45},"end":{"line":99,"column":66}},"line":99}},"branchMap":{"0":{"loc":{"start":{"line":19,"column":28},"end":{"line":19,"column":47}},"type":"default-arg","locations":[{"start":{"line":19,"column":36},"end":{"line":19,"column":47}}],"line":19},"1":{"loc":{"start":{"line":20,"column":2},"end":{"line":142,"column":5}},"type":"switch","locations":[{"start":{"line":22,"column":6},"end":{"line":23,"column":58}},{"start":{"line":24,"column":6},"end":{"line":25,"column":52}},{"start":{"line":26,"column":6},"end":{"line":27,"column":52}},{"start":{"line":28,"column":6},"end":{"line":41,"column":60}},{"start":{"line":42,"column":6},"end":{"line":43,"column":54}},{"start":{"line":44,"column":6},"end":{"line":51,"column":44}},{"start":{"line":52,"column":6},"end":{"line":53,"column":44}},{"start":{"line":54,"column":6},"end":{"line":55,"column":52}},{"start":{"line":56,"column":6},"end":{"line":57,"column":54}},{"start":{"line":58,"column":6},"end":{"line":72,"column":91}},{"start":{"line":73,"column":6},"end":{"line":74,"column":54}},{"start":{"line":75,"column":6},"end":{"line":100,"column":83}},{"start":{"line":101,"column":6},"end":{"line":114,"column":61}},{"start":{"line":115,"column":6},"end":{"line":116,"column":50}},{"start":{"line":117,"column":6},"end":{"line":118,"column":46}},{"start":{"line":119,"column":6},"end":{"line":120,"column":46}},{"start":{"line":121,"column":6},"end":{"line":139,"column":44}},{"start":{"line":140,"column":6},"end":{"line":141,"column":21}}],"line":20},"2":{"loc":{"start":{"line":31,"column":10},"end":{"line":33,"column":11}},"type":"if","locations":[{"start":{"line":31,"column":10},"end":{"line":33,"column":11}},{"start":{"line":31,"column":10},"end":{"line":33,"column":11}}],"line":31},"3":{"loc":{"start":{"line":35,"column":12},"end":{"line":37,"column":13}},"type":"if","locations":[{"start":{"line":35,"column":12},"end":{"line":37,"column":13}},{"start":{"line":35,"column":12},"end":{"line":37,"column":13}}],"line":35},"4":{"loc":{"start":{"line":47,"column":10},"end":{"line":49,"column":11}},"type":"if","locations":[{"start":{"line":47,"column":10},"end":{"line":49,"column":11}},{"start":{"line":47,"column":10},"end":{"line":49,"column":11}}],"line":47},"5":{"loc":{"start":{"line":47,"column":14},"end":{"line":47,"column":106}},"type":"binary-expr","locations":[{"start":{"line":47,"column":14},"end":{"line":47,"column":58}},{"start":{"line":47,"column":62},"end":{"line":47,"column":106}}],"line":47},"6":{"loc":{"start":{"line":61,"column":10},"end":{"line":63,"column":11}},"type":"if","locations":[{"start":{"line":61,"column":10},"end":{"line":63,"column":11}},{"start":{"line":61,"column":10},"end":{"line":63,"column":11}}],"line":61},"7":{"loc":{"start":{"line":67,"column":10},"end":{"line":69,"column":11}},"type":"if","locations":[{"start":{"line":67,"column":10},"end":{"line":69,"column":11}},{"start":{"line":67,"column":10},"end":{"line":69,"column":11}}],"line":67},"8":{"loc":{"start":{"line":67,"column":14},"end":{"line":67,"column":102}},"type":"binary-expr","locations":[{"start":{"line":67,"column":14},"end":{"line":67,"column":56}},{"start":{"line":67,"column":60},"end":{"line":67,"column":102}}],"line":67},"9":{"loc":{"start":{"line":78,"column":10},"end":{"line":87,"column":11}},"type":"if","locations":[{"start":{"line":78,"column":10},"end":{"line":87,"column":11}},{"start":{"line":78,"column":10},"end":{"line":87,"column":11}}],"line":78},"10":{"loc":{"start":{"line":78,"column":14},"end":{"line":78,"column":92}},"type":"binary-expr","locations":[{"start":{"line":78,"column":14},"end":{"line":78,"column":51}},{"start":{"line":78,"column":55},"end":{"line":78,"column":92}}],"line":78},"11":{"loc":{"start":{"line":89,"column":8},"end":{"line":92,"column":9}},"type":"if","locations":[{"start":{"line":89,"column":8},"end":{"line":92,"column":9}},{"start":{"line":89,"column":8},"end":{"line":92,"column":9}}],"line":89},"12":{"loc":{"start":{"line":95,"column":10},"end":{"line":97,"column":11}},"type":"if","locations":[{"start":{"line":95,"column":10},"end":{"line":97,"column":11}},{"start":{"line":95,"column":10},"end":{"line":97,"column":11}}],"line":95},"13":{"loc":{"start":{"line":95,"column":14},"end":{"line":95,"column":100}},"type":"binary-expr","locations":[{"start":{"line":95,"column":14},"end":{"line":95,"column":56}},{"start":{"line":95,"column":58},"end":{"line":95,"column":100}}],"line":95},"14":{"loc":{"start":{"line":124,"column":10},"end":{"line":137,"column":11}},"type":"if","locations":[{"start":{"line":124,"column":10},"end":{"line":137,"column":11}},{"start":{"line":124,"column":10},"end":{"line":137,"column":11}}],"line":124},"15":{"loc":{"start":{"line":125,"column":12},"end":{"line":136,"column":13}},"type":"if","locations":[{"start":{"line":125,"column":12},"end":{"line":136,"column":13}},{"start":{"line":125,"column":12},"end":{"line":136,"column":13}}],"line":125}},"s":{"0":1,"1":20,"2":1,"3":1,"4":1,"5":1,"6":1,"7":1,"8":2,"9":1,"10":2,"11":2,"12":2,"13":1,"14":1,"15":1,"16":1,"17":1,"18":1,"19":1,"20":1,"21":2,"22":1,"23":1,"24":1,"25":1,"26":1,"27":1,"28":1,"29":1,"30":0,"31":0,"32":1,"33":1,"34":1,"35":1,"36":1,"37":1,"38":0,"39":1,"40":1,"41":3,"42":3,"43":3,"44":2,"45":2,"46":2,"47":2,"48":2,"49":2,"50":2,"51":2,"52":3,"53":1,"54":1,"55":2,"56":2,"57":2,"58":4,"59":2,"60":2,"61":2,"62":2,"63":0,"64":0,"65":0,"66":0,"67":0,"68":0,"69":0,"70":0,"71":0,"72":0,"73":0,"74":0,"75":0,"76":1,"77":1,"78":1,"79":2,"80":2,"81":2,"82":2,"83":2,"84":1,"85":1,"86":1,"87":1,"88":1,"89":1,"90":1,"91":1,"92":2,"93":1,"94":0},"f":{"0":20,"1":1,"2":0,"3":2},"b":{"0":[1],"1":[1,1,1,1,1,1,1,1,1,1,1,3,0,1,1,1,2,1],"2":[1,1],"3":[1,1],"4":[1,1],"5":[2,2],"6":[0,0],"7":[1,0],"8":[1,1],"9":[2,1],"10":[3,2],"11":[1,2],"12":[2,2],"13":[4,3],"14":[2,0],"15":[1,1]},"_coverageSchema":"43e27e138ebf9cfc5966b082cf9a028302ed4184","hash":"12c6088a025b119236baec72ed66fd4f4df91767"}
,"C:\\Users\\Wei\\Documents\\CS531\\hw4\\frontend\\src\\serviceWorker.js": {"path":"C:\\Users\\Wei\\Documents\\CS531\\hw4\\frontend\\src\\serviceWorker.js","statementMap":{"0":{"start":{"line":13,"column":20},"end":{"line":21,"column":1}},"1":{"start":{"line":24,"column":2},"end":{"line":54,"column":3}},"2":{"start":{"line":26,"column":22},"end":{"line":26,"column":75}},"3":{"start":{"line":27,"column":4},"end":{"line":32,"column":5}},"4":{"start":{"line":31,"column":6},"end":{"line":31,"column":13}},"5":{"start":{"line":34,"column":4},"end":{"line":53,"column":7}},"6":{"start":{"line":35,"column":20},"end":{"line":35,"column":65}},"7":{"start":{"line":37,"column":6},"end":{"line":52,"column":7}},"8":{"start":{"line":39,"column":8},"end":{"line":39,"column":47}},"9":{"start":{"line":43,"column":8},"end":{"line":48,"column":11}},"10":{"start":{"line":44,"column":10},"end":{"line":47,"column":12}},"11":{"start":{"line":51,"column":8},"end":{"line":51,"column":39}},"12":{"start":{"line":58,"column":2},"end":{"line":98,"column":7}},"13":{"start":{"line":61,"column":6},"end":{"line":94,"column":8}},"14":{"start":{"line":62,"column":33},"end":{"line":62,"column":56}},"15":{"start":{"line":63,"column":8},"end":{"line":65,"column":9}},"16":{"start":{"line":64,"column":10},"end":{"line":64,"column":17}},"17":{"start":{"line":66,"column":8},"end":{"line":93,"column":10}},"18":{"start":{"line":67,"column":10},"end":{"line":92,"column":11}},"19":{"start":{"line":68,"column":12},"end":{"line":91,"column":13}},"20":{"start":{"line":72,"column":14},"end":{"line":75,"column":16}},"21":{"start":{"line":78,"column":14},"end":{"line":80,"column":15}},"22":{"start":{"line":79,"column":16},"end":{"line":79,"column":46}},"23":{"start":{"line":85,"column":14},"end":{"line":85,"column":64}},"24":{"start":{"line":88,"column":14},"end":{"line":90,"column":15}},"25":{"start":{"line":89,"column":16},"end":{"line":89,"column":47}},"26":{"start":{"line":97,"column":6},"end":{"line":97,"column":72}},"27":{"start":{"line":103,"column":2},"end":{"line":128,"column":7}},"28":{"start":{"line":108,"column":26},"end":{"line":108,"column":62}},"29":{"start":{"line":109,"column":6},"end":{"line":122,"column":7}},"30":{"start":{"line":114,"column":8},"end":{"line":118,"column":11}},"31":{"start":{"line":115,"column":10},"end":{"line":117,"column":13}},"32":{"start":{"line":116,"column":12},"end":{"line":116,"column":37}},"33":{"start":{"line":121,"column":8},"end":{"line":121,"column":39}},"34":{"start":{"line":125,"column":6},"end":{"line":127,"column":8}},"35":{"start":{"line":132,"column":2},"end":{"line":140,"column":3}},"36":{"start":{"line":133,"column":4},"end":{"line":139,"column":9}},"37":{"start":{"line":135,"column":8},"end":{"line":135,"column":34}},"38":{"start":{"line":138,"column":8},"end":{"line":138,"column":37}}},"fnMap":{"0":{"name":"register","decl":{"start":{"line":23,"column":16},"end":{"line":23,"column":24}},"loc":{"start":{"line":23,"column":33},"end":{"line":55,"column":1}},"line":23},"1":{"name":"(anonymous_1)","decl":{"start":{"line":34,"column":36},"end":{"line":34,"column":37}},"loc":{"start":{"line":34,"column":42},"end":{"line":53,"column":5}},"line":34},"2":{"name":"(anonymous_2)","decl":{"start":{"line":43,"column":43},"end":{"line":43,"column":44}},"loc":{"start":{"line":43,"column":49},"end":{"line":48,"column":9}},"line":43},"3":{"name":"registerValidSW","decl":{"start":{"line":57,"column":9},"end":{"line":57,"column":24}},"loc":{"start":{"line":57,"column":40},"end":{"line":99,"column":1}},"line":57},"4":{"name":"(anonymous_4)","decl":{"start":{"line":60,"column":10},"end":{"line":60,"column":11}},"loc":{"start":{"line":60,"column":26},"end":{"line":95,"column":5}},"line":60},"5":{"name":"(anonymous_5)","decl":{"start":{"line":61,"column":35},"end":{"line":61,"column":36}},"loc":{"start":{"line":61,"column":41},"end":{"line":94,"column":7}},"line":61},"6":{"name":"(anonymous_6)","decl":{"start":{"line":66,"column":41},"end":{"line":66,"column":42}},"loc":{"start":{"line":66,"column":47},"end":{"line":93,"column":9}},"line":66},"7":{"name":"(anonymous_7)","decl":{"start":{"line":96,"column":11},"end":{"line":96,"column":12}},"loc":{"start":{"line":96,"column":20},"end":{"line":98,"column":5}},"line":96},"8":{"name":"checkValidServiceWorker","decl":{"start":{"line":101,"column":9},"end":{"line":101,"column":32}},"loc":{"start":{"line":101,"column":48},"end":{"line":129,"column":1}},"line":101},"9":{"name":"(anonymous_9)","decl":{"start":{"line":106,"column":10},"end":{"line":106,"column":11}},"loc":{"start":{"line":106,"column":22},"end":{"line":123,"column":5}},"line":106},"10":{"name":"(anonymous_10)","decl":{"start":{"line":114,"column":43},"end":{"line":114,"column":44}},"loc":{"start":{"line":114,"column":59},"end":{"line":118,"column":9}},"line":114},"11":{"name":"(anonymous_11)","decl":{"start":{"line":115,"column":41},"end":{"line":115,"column":42}},"loc":{"start":{"line":115,"column":47},"end":{"line":117,"column":11}},"line":115},"12":{"name":"(anonymous_12)","decl":{"start":{"line":124,"column":11},"end":{"line":124,"column":12}},"loc":{"start":{"line":124,"column":17},"end":{"line":128,"column":5}},"line":124},"13":{"name":"unregister","decl":{"start":{"line":131,"column":16},"end":{"line":131,"column":26}},"loc":{"start":{"line":131,"column":29},"end":{"line":141,"column":1}},"line":131},"14":{"name":"(anonymous_14)","decl":{"start":{"line":134,"column":12},"end":{"line":134,"column":13}},"loc":{"start":{"line":134,"column":28},"end":{"line":136,"column":7}},"line":134},"15":{"name":"(anonymous_15)","decl":{"start":{"line":137,"column":13},"end":{"line":137,"column":14}},"loc":{"start":{"line":137,"column":22},"end":{"line":139,"column":7}},"line":137}},"branchMap":{"0":{"loc":{"start":{"line":14,"column":2},"end":{"line":20,"column":5}},"type":"binary-expr","locations":[{"start":{"line":14,"column":2},"end":{"line":14,"column":42}},{"start":{"line":16,"column":4},"end":{"line":16,"column":40}},{"start":{"line":18,"column":4},"end":{"line":20,"column":5}}],"line":14},"1":{"loc":{"start":{"line":24,"column":2},"end":{"line":54,"column":3}},"type":"if","locations":[{"start":{"line":24,"column":2},"end":{"line":54,"column":3}},{"start":{"line":24,"column":2},"end":{"line":54,"column":3}}],"line":24},"2":{"loc":{"start":{"line":24,"column":6},"end":{"line":24,"column":75}},"type":"binary-expr","locations":[{"start":{"line":24,"column":6},"end":{"line":24,"column":43}},{"start":{"line":24,"column":47},"end":{"line":24,"column":75}}],"line":24},"3":{"loc":{"start":{"line":27,"column":4},"end":{"line":32,"column":5}},"type":"if","locations":[{"start":{"line":27,"column":4},"end":{"line":32,"column":5}},{"start":{"line":27,"column":4},"end":{"line":32,"column":5}}],"line":27},"4":{"loc":{"start":{"line":37,"column":6},"end":{"line":52,"column":7}},"type":"if","locations":[{"start":{"line":37,"column":6},"end":{"line":52,"column":7}},{"start":{"line":37,"column":6},"end":{"line":52,"column":7}}],"line":37},"5":{"loc":{"start":{"line":63,"column":8},"end":{"line":65,"column":9}},"type":"if","locations":[{"start":{"line":63,"column":8},"end":{"line":65,"column":9}},{"start":{"line":63,"column":8},"end":{"line":65,"column":9}}],"line":63},"6":{"loc":{"start":{"line":67,"column":10},"end":{"line":92,"column":11}},"type":"if","locations":[{"start":{"line":67,"column":10},"end":{"line":92,"column":11}},{"start":{"line":67,"column":10},"end":{"line":92,"column":11}}],"line":67},"7":{"loc":{"start":{"line":68,"column":12},"end":{"line":91,"column":13}},"type":"if","locations":[{"start":{"line":68,"column":12},"end":{"line":91,"column":13}},{"start":{"line":68,"column":12},"end":{"line":91,"column":13}}],"line":68},"8":{"loc":{"start":{"line":78,"column":14},"end":{"line":80,"column":15}},"type":"if","locations":[{"start":{"line":78,"column":14},"end":{"line":80,"column":15}},{"start":{"line":78,"column":14},"end":{"line":80,"column":15}}],"line":78},"9":{"loc":{"start":{"line":78,"column":18},"end":{"line":78,"column":43}},"type":"binary-expr","locations":[{"start":{"line":78,"column":18},"end":{"line":78,"column":24}},{"start":{"line":78,"column":28},"end":{"line":78,"column":43}}],"line":78},"10":{"loc":{"start":{"line":88,"column":14},"end":{"line":90,"column":15}},"type":"if","locations":[{"start":{"line":88,"column":14},"end":{"line":90,"column":15}},{"start":{"line":88,"column":14},"end":{"line":90,"column":15}}],"line":88},"11":{"loc":{"start":{"line":88,"column":18},"end":{"line":88,"column":44}},"type":"binary-expr","locations":[{"start":{"line":88,"column":18},"end":{"line":88,"column":24}},{"start":{"line":88,"column":28},"end":{"line":88,"column":44}}],"line":88},"12":{"loc":{"start":{"line":109,"column":6},"end":{"line":122,"column":7}},"type":"if","locations":[{"start":{"line":109,"column":6},"end":{"line":122,"column":7}},{"start":{"line":109,"column":6},"end":{"line":122,"column":7}}],"line":109},"13":{"loc":{"start":{"line":110,"column":8},"end":{"line":111,"column":73}},"type":"binary-expr","locations":[{"start":{"line":110,"column":8},"end":{"line":110,"column":31}},{"start":{"line":111,"column":9},"end":{"line":111,"column":28}},{"start":{"line":111,"column":32},"end":{"line":111,"column":72}}],"line":110},"14":{"loc":{"start":{"line":132,"column":2},"end":{"line":140,"column":3}},"type":"if","locations":[{"start":{"line":132,"column":2},"end":{"line":140,"column":3}},{"start":{"line":132,"column":2},"end":{"line":140,"column":3}}],"line":132}},"s":{"0":0,"1":0,"2":0,"3":0,"4":0,"5":0,"6":0,"7":0,"8":0,"9":0,"10":0,"11":0,"12":0,"13":0,"14":0,"15":0,"16":0,"17":0,"18":0,"19":0,"20":0,"21":0,"22":0,"23":0,"24":0,"25":0,"26":0,"27":0,"28":0,"29":0,"30":0,"31":0,"32":0,"33":0,"34":0,"35":0,"36":0,"37":0,"38":0},"f":{"0":0,"1":0,"2":0,"3":0,"4":0,"5":0,"6":0,"7":0,"8":0,"9":0,"10":0,"11":0,"12":0,"13":0,"14":0,"15":0},"b":{"0":[0,0,0],"1":[0,0],"2":[0,0],"3":[0,0],"4":[0,0],"5":[0,0],"6":[0,0],"7":[0,0],"8":[0,0],"9":[0,0],"10":[0,0],"11":[0,0],"12":[0,0],"13":[0,0,0],"14":[0,0]},"hash":"135de437c4e445f723452a04946a7c47b9787ec3"}
}
